<html>
<head>
<title>TestNG:  Regression Test</title>
<link href="../testng.css" rel="stylesheet" type="text/css" />
<link href="../my-testng.css" rel="stylesheet" type="text/css" />

<style type="text/css">
.log { display: none;} 
.stack-trace { display: none;} 
</style>
<script type="text/javascript">
<!--
function flip(e) {
  current = e.style.display;
  if (current == 'block') {
    e.style.display = 'none';
    return 0;
  }
  else {
    e.style.display = 'block';
    return 1;
  }
}

function toggleBox(szDivId, elem, msg1, msg2)
{
  var res = -1;  if (document.getElementById) {
    res = flip(document.getElementById(szDivId));
  }
  else if (document.all) {
    // this is the way old msie versions work
    res = flip(document.all[szDivId]);
  }
  if(elem) {
    if(res == 0) elem.innerHTML = msg1; else elem.innerHTML = msg2;
  }

}

function toggleAllBoxes() {
  if (document.getElementsByTagName) {
    d = document.getElementsByTagName('div');
    for (i = 0; i < d.length; i++) {
      if (d[i].className == 'log') {
        flip(d[i]);
      }
    }
  }
}

// -->
</script>

</head>
<body>
<h2 align='center'>Regression Test</h2><table border='1' align="center">
<tr>
<td>Tests passed/Failed/Skipped:</td><td>5/6/0</td>
</tr><tr>
<td>Started on:</td><td>Mon Dec 12 11:31:43 GMT 2022</td>
</tr>
<tr><td>Total time:</td><td>76 seconds (76725 ms)</td>
</tr><tr>
<td>Included groups:</td><td>regression </td>
</tr><tr>
<td>Excluded groups:</td><td></td>
</tr>
</table><p/>
<small><i>(Hover the method name to see the test class name)</i></small><p/>
<table width='100%' border='1' class='invocation-failed'>
<tr><td colspan='4' align='center'><b>FAILED TESTS</b></td></tr>
<tr><td><b>Test method</b></td>
<td width="30%"><b>Exception</b></td>
<td width="10%"><b>Time (seconds)</b></td>
<td><b>Instance</b></td>
</tr>
<tr>
<td title='com.tutorialsninja.testsuite.DesktopPageTest.verifyProductAddedToShoppingCartSuccessFully()'><b>verifyProductAddedToShoppingCartSuccessFully</b><br>Test class: com.tutorialsninja.testsuite.DesktopPageTest<br/>
<a href="#Output-67811496" onClick='toggleBox("Output-67811496", this, "Show output", "Hide output");'>Show output</a>

<a href="#Output-67811496" onClick="toggleAllBoxes();">Show all outputs</a>
<div class='log' id="Output-67811496">
Click on currency tab[[ChromeDriver: chrome on WINDOWS (aa05ed332529c55d5ecfcf09972e0f75)] -> xpath: //span[contains(text(),'Currency')]]<br/>
Change the currency[[[ChromeDriver: chrome on WINDOWS (aa05ed332529c55d5ecfcf09972e0f75)] -> xpath: //ul[@class = 'dropdown-menu']/li], [[ChromeDriver: chrome on WINDOWS (aa05ed332529c55d5ecfcf09972e0f75)] -> xpath: //ul[@class = 'dropdown-menu']/li], [[ChromeDriver: chrome on WINDOWS (aa05ed332529c55d5ecfcf09972e0f75)] -> xpath: //ul[@class = 'dropdown-menu']/li]]<br/>
Hover the mouse on Desktops tab and click[[ChromeDriver: chrome on WINDOWS (aa05ed332529c55d5ecfcf09972e0f75)] -> link text: Desktops]<br/>
Select show all desktops from drop down[[[ChromeDriver: chrome on WINDOWS (aa05ed332529c55d5ecfcf09972e0f75)] -> link text: Show All Desktops]]<br/>
Get a list of all products listed under desktops by Name Z to A[[[ChromeDriver: chrome on WINDOWS (aa05ed332529c55d5ecfcf09972e0f75)] -> xpath: //h4/a], [[ChromeDriver: chrome on WINDOWS (aa05ed332529c55d5ecfcf09972e0f75)] -> xpath: //h4/a], [[ChromeDriver: chrome on WINDOWS (aa05ed332529c55d5ecfcf09972e0f75)] -> xpath: //h4/a], [[ChromeDriver: chrome on WINDOWS (aa05ed332529c55d5ecfcf09972e0f75)] -> xpath: //h4/a], [[ChromeDriver: chrome on WINDOWS (aa05ed332529c55d5ecfcf09972e0f75)] -> xpath: //h4/a], [[ChromeDriver: chrome on WINDOWS (aa05ed332529c55d5ecfcf09972e0f75)] -> xpath: //h4/a], [[ChromeDriver: chrome on WINDOWS (aa05ed332529c55d5ecfcf09972e0f75)] -> xpath: //h4/a], [[ChromeDriver: chrome on WINDOWS (aa05ed332529c55d5ecfcf09972e0f75)] -> xpath: //h4/a], [[ChromeDriver: chrome on WINDOWS (aa05ed332529c55d5ecfcf09972e0f75)] -> xpath: //h4/a], [[ChromeDriver: chrome on WINDOWS (aa05ed332529c55d5ecfcf09972e0f75)] -> xpath: //h4/a], [[ChromeDriver: chrome on WINDOWS (aa05ed332529c55d5ecfcf09972e0f75)] -> xpath: //h4/a], [[ChromeDriver: chrome on WINDOWS (aa05ed332529c55d5ecfcf09972e0f75)] -> xpath: //h4/a]]<br/>
Click to see screenshot<br/>
<a target = "_blank" href=C:\Users\humai\IdeaProjects\tutorialsninja-maven-page-factory-sw5/test-output/html/verifyProductAddedToShoppingCartSuccessFullyMon_Dec_12_11_32_05_GMT_2022.jpg>Screenshot</a><br/>
<br><br/>
<br><br/>
<a target = "_blank" href=C:\Users\humai\IdeaProjects\tutorialsninja-maven-page-factory-sw5/test-output/html/verifyProductAddedToShoppingCartSuccessFullyMon_Dec_12_11_32_05_GMT_2022.jpg><img src=C:\Users\humai\IdeaProjects\tutorialsninja-maven-page-factory-sw5/test-output/html/verifyProductAddedToShoppingCartSuccessFullyMon_Dec_12_11_32_05_GMT_2022.jpg height=200 width=200></img></a><br/>
</div>
</td>
<td><div><pre>org.openqa.selenium.StaleElementReferenceException: stale element reference: element is not attached to the page document
  (Session info: chrome=108.0.5359.73)
For documentation on this error, please visit: https://selenium.dev/exceptions/#stale_element_reference
Build info: version: &apos;4.6.0&apos;, revision: &apos;79f1c02ae20&apos;
System info: os.name: &apos;Windows 10&apos;, os.arch: &apos;amd64&apos;, os.version: &apos;10.0&apos;, java.version: &apos;1.8.0_121&apos;
Driver info: org.openqa.selenium.chrome.ChromeDriver
Command: [aa05ed332529c55d5ecfcf09972e0f75, getElementText {id=e10be3b4-07fa-42bb-93c7-79955321d76b}]
Capabilities {acceptInsecureCerts: false, browserName: chrome, browserVersion: 108.0.5359.73, chrome: {chromedriverVersion: 108.0.5359.71 (1e0e3868ee06..., userDataDir: C:\Users\humai\AppData\Loca...}, goog:chromeOptions: {debuggerAddress: localhost:50381}, networkConnectionEnabled: false, pageLoadStrategy: normal, platformName: WINDOWS, proxy: Proxy(), se:cdp: ws://localhost:50381/devtoo..., se:cdpVersion: 108.0.5359.73, setWindowRect: true, strictFileInteractability: false, timeouts: {implicit: 0, pageLoad: 300000, script: 30000}, unhandledPromptBehavior: dismiss and notify, webauthn:extension:credBlob: true, webauthn:extension:largeBlob: true, webauthn:virtualAuthenticators: true}
Element: [[ChromeDriver: chrome on WINDOWS (aa05ed332529c55d5ecfcf09972e0f75)] -&gt; xpath: //h4/a]
Session ID: aa05ed332529c55d5ecfcf09972e0f75
	at org.openqa.selenium.remote.codec.w3c.W3CHttpResponseCodec.createException(W3CHttpResponseCodec.java:200)
	at org.openqa.selenium.remote.codec.w3c.W3CHttpResponseCodec.decode(W3CHttpResponseCodec.java:133)
	at org.openqa.selenium.remote.codec.w3c.W3CHttpResponseCodec.decode(W3CHttpResponseCodec.java:53)
	at org.openqa.selenium.remote.HttpCommandExecutor.execute(HttpCommandExecutor.java:184)
	at org.openqa.selenium.remote.service.DriverCommandExecutor.invokeExecute(DriverCommandExecutor.java:167)
	at org.openqa.selenium.remote.service.DriverCommandExecutor.execute(DriverCommandExecutor.java:142)
	at org.openqa.selenium.remote.RemoteWebDriver.execute(RemoteWebDriver.java:541)
	at org.openqa.selenium.remote.RemoteWebElement.execute(RemoteWebElement.java:257)
	at org.openqa.selenium.remote.RemoteWebElement.getText(RemoteWebElement.java:207)
	at com.tutorialsninja.pages.DesktopPage.getProductNamesListByNameZToA(DesktopPage.java:86)
	at com.tutorialsninja.testsuite.DesktopPageTest.verifyProductAddedToShoppingCartSuccessFully(DesktopPageTest.java:38)
	at java.util.ArrayList.forEach(ArrayList.java:1249)
	at com.intellij.rt.testng.IDEARemoteTestNG.run(IDEARemoteTestNG.java:66)
	at com.intellij.rt.testng.RemoteTestNGStarter.main(RemoteTestNGStarter.java:109)
... Removed 28 stack frames</pre></div><a href='#' onClick='toggleBox("stack-trace67811496", this, "Click to show all stack frames", "Click to hide stack frames")'>Click to show all stack frames</a>
<div class='stack-trace' id='stack-trace67811496'><pre>org.openqa.selenium.StaleElementReferenceException: stale element reference: element is not attached to the page document
  (Session info: chrome=108.0.5359.73)
For documentation on this error, please visit: https://selenium.dev/exceptions/#stale_element_reference
Build info: version: &apos;4.6.0&apos;, revision: &apos;79f1c02ae20&apos;
System info: os.name: &apos;Windows 10&apos;, os.arch: &apos;amd64&apos;, os.version: &apos;10.0&apos;, java.version: &apos;1.8.0_121&apos;
Driver info: org.openqa.selenium.chrome.ChromeDriver
Command: [aa05ed332529c55d5ecfcf09972e0f75, getElementText {id=e10be3b4-07fa-42bb-93c7-79955321d76b}]
Capabilities {acceptInsecureCerts: false, browserName: chrome, browserVersion: 108.0.5359.73, chrome: {chromedriverVersion: 108.0.5359.71 (1e0e3868ee06..., userDataDir: C:\Users\humai\AppData\Loca...}, goog:chromeOptions: {debuggerAddress: localhost:50381}, networkConnectionEnabled: false, pageLoadStrategy: normal, platformName: WINDOWS, proxy: Proxy(), se:cdp: ws://localhost:50381/devtoo..., se:cdpVersion: 108.0.5359.73, setWindowRect: true, strictFileInteractability: false, timeouts: {implicit: 0, pageLoad: 300000, script: 30000}, unhandledPromptBehavior: dismiss and notify, webauthn:extension:credBlob: true, webauthn:extension:largeBlob: true, webauthn:virtualAuthenticators: true}
Element: [[ChromeDriver: chrome on WINDOWS (aa05ed332529c55d5ecfcf09972e0f75)] -&gt; xpath: //h4/a]
Session ID: aa05ed332529c55d5ecfcf09972e0f75
	at sun.reflect.NativeConstructorAccessorImpl.newInstance0(Native Method)
	at sun.reflect.NativeConstructorAccessorImpl.newInstance(NativeConstructorAccessorImpl.java:62)
	at sun.reflect.DelegatingConstructorAccessorImpl.newInstance(DelegatingConstructorAccessorImpl.java:45)
	at java.lang.reflect.Constructor.newInstance(Constructor.java:423)
	at org.openqa.selenium.remote.codec.w3c.W3CHttpResponseCodec.createException(W3CHttpResponseCodec.java:200)
	at org.openqa.selenium.remote.codec.w3c.W3CHttpResponseCodec.decode(W3CHttpResponseCodec.java:133)
	at org.openqa.selenium.remote.codec.w3c.W3CHttpResponseCodec.decode(W3CHttpResponseCodec.java:53)
	at org.openqa.selenium.remote.HttpCommandExecutor.execute(HttpCommandExecutor.java:184)
	at org.openqa.selenium.remote.service.DriverCommandExecutor.invokeExecute(DriverCommandExecutor.java:167)
	at org.openqa.selenium.remote.service.DriverCommandExecutor.execute(DriverCommandExecutor.java:142)
	at org.openqa.selenium.remote.RemoteWebDriver.execute(RemoteWebDriver.java:541)
	at org.openqa.selenium.remote.RemoteWebElement.execute(RemoteWebElement.java:257)
	at org.openqa.selenium.remote.RemoteWebElement.getText(RemoteWebElement.java:207)
	at com.tutorialsninja.pages.DesktopPage.getProductNamesListByNameZToA(DesktopPage.java:86)
	at com.tutorialsninja.testsuite.DesktopPageTest.verifyProductAddedToShoppingCartSuccessFully(DesktopPageTest.java:38)
	at sun.reflect.NativeMethodAccessorImpl.invoke0(Native Method)
	at sun.reflect.NativeMethodAccessorImpl.invoke(NativeMethodAccessorImpl.java:62)
	at sun.reflect.DelegatingMethodAccessorImpl.invoke(DelegatingMethodAccessorImpl.java:43)
	at java.lang.reflect.Method.invoke(Method.java:498)
	at org.testng.internal.invokers.MethodInvocationHelper.invokeMethod(MethodInvocationHelper.java:135)
	at org.testng.internal.invokers.TestInvoker.invokeMethod(TestInvoker.java:673)
	at org.testng.internal.invokers.TestInvoker.invokeTestMethod(TestInvoker.java:220)
	at org.testng.internal.invokers.MethodRunner.runInSequence(MethodRunner.java:50)
	at org.testng.internal.invokers.TestInvoker$MethodInvocationAgent.invoke(TestInvoker.java:945)
	at org.testng.internal.invokers.TestInvoker.invokeTestMethods(TestInvoker.java:193)
	at org.testng.internal.invokers.TestMethodWorker.invokeTestMethods(TestMethodWorker.java:146)
	at org.testng.internal.invokers.TestMethodWorker.run(TestMethodWorker.java:128)
	at java.util.ArrayList.forEach(ArrayList.java:1249)
	at org.testng.TestRunner.privateRun(TestRunner.java:808)
	at org.testng.TestRunner.run(TestRunner.java:603)
	at org.testng.SuiteRunner.runTest(SuiteRunner.java:429)
	at org.testng.SuiteRunner.runSequentially(SuiteRunner.java:423)
	at org.testng.SuiteRunner.privateRun(SuiteRunner.java:383)
	at org.testng.SuiteRunner.run(SuiteRunner.java:326)
	at org.testng.SuiteRunnerWorker.runSuite(SuiteRunnerWorker.java:52)
	at org.testng.SuiteRunnerWorker.run(SuiteRunnerWorker.java:95)
	at org.testng.TestNG.runSuitesSequentially(TestNG.java:1249)
	at org.testng.TestNG.runSuitesLocally(TestNG.java:1169)
	at org.testng.TestNG.runSuites(TestNG.java:1092)
	at org.testng.TestNG.run(TestNG.java:1060)
	at com.intellij.rt.testng.IDEARemoteTestNG.run(IDEARemoteTestNG.java:66)
	at com.intellij.rt.testng.RemoteTestNGStarter.main(RemoteTestNGStarter.java:109)
</pre></div></td>
<td>1</td>
<td>com.tutorialsninja.testsuite.DesktopPageTest@7ba18f1b</td></tr>
<tr>
<td title='com.tutorialsninja.testsuite.LaptopsAndNotebooksPageTest.verifyProductsPriceDisplayHighToLowSuccessfully()'><b>verifyProductsPriceDisplayHighToLowSuccessfully</b><br>Test class: com.tutorialsninja.testsuite.LaptopsAndNotebooksPageTest<br/>
<a href="#Output-1649829954" onClick='toggleBox("Output-1649829954", this, "Show output", "Hide output");'>Show output</a>

<a href="#Output-1649829954" onClick="toggleAllBoxes();">Show all outputs</a>
<div class='log' id="Output-1649829954">
Hover the mouse on Laptops & Notebooks tab and click[[ChromeDriver: chrome on WINDOWS (28dd4c149567ff0937b3f035231fe340)] -> link text: Laptops & Notebooks]<br/>
Select show all Laptops & Notebooks from drop down[[[ChromeDriver: chrome on WINDOWS (28dd4c149567ff0937b3f035231fe340)] -> link text: Show All Laptops & Notebooks]]<br/>
Get a list of all products listed under Laptops and Notebooks[[[ChromeDriver: chrome on WINDOWS (28dd4c149567ff0937b3f035231fe340)] -> xpath: //p[@class ='price']], [[ChromeDriver: chrome on WINDOWS (28dd4c149567ff0937b3f035231fe340)] -> xpath: //p[@class ='price']], [[ChromeDriver: chrome on WINDOWS (28dd4c149567ff0937b3f035231fe340)] -> xpath: //p[@class ='price']], [[ChromeDriver: chrome on WINDOWS (28dd4c149567ff0937b3f035231fe340)] -> xpath: //p[@class ='price']], [[ChromeDriver: chrome on WINDOWS (28dd4c149567ff0937b3f035231fe340)] -> xpath: //p[@class ='price']]]<br/>
Get a list of all products listed under Laptops and Notebooks by price[[[ChromeDriver: chrome on WINDOWS (28dd4c149567ff0937b3f035231fe340)] -> xpath: //p[@class ='price']], [[ChromeDriver: chrome on WINDOWS (28dd4c149567ff0937b3f035231fe340)] -> xpath: //p[@class ='price']], [[ChromeDriver: chrome on WINDOWS (28dd4c149567ff0937b3f035231fe340)] -> xpath: //p[@class ='price']], [[ChromeDriver: chrome on WINDOWS (28dd4c149567ff0937b3f035231fe340)] -> xpath: //p[@class ='price']], [[ChromeDriver: chrome on WINDOWS (28dd4c149567ff0937b3f035231fe340)] -> xpath: //p[@class ='price']]]<br/>
Click to see screenshot<br/>
<a target = "_blank" href=C:\Users\humai\IdeaProjects\tutorialsninja-maven-page-factory-sw5/test-output/html/verifyProductsPriceDisplayHighToLowSuccessfullyMon_Dec_12_11_32_14_GMT_2022.jpg>Screenshot</a><br/>
<br><br/>
<br><br/>
<a target = "_blank" href=C:\Users\humai\IdeaProjects\tutorialsninja-maven-page-factory-sw5/test-output/html/verifyProductsPriceDisplayHighToLowSuccessfullyMon_Dec_12_11_32_14_GMT_2022.jpg><img src=C:\Users\humai\IdeaProjects\tutorialsninja-maven-page-factory-sw5/test-output/html/verifyProductsPriceDisplayHighToLowSuccessfullyMon_Dec_12_11_32_14_GMT_2022.jpg height=200 width=200></img></a><br/>
</div>
</td>
<td><div><pre>org.openqa.selenium.StaleElementReferenceException: stale element reference: element is not attached to the page document
  (Session info: chrome=108.0.5359.73)
For documentation on this error, please visit: https://selenium.dev/exceptions/#stale_element_reference
Build info: version: &apos;4.6.0&apos;, revision: &apos;79f1c02ae20&apos;
System info: os.name: &apos;Windows 10&apos;, os.arch: &apos;amd64&apos;, os.version: &apos;10.0&apos;, java.version: &apos;1.8.0_121&apos;
Driver info: org.openqa.selenium.chrome.ChromeDriver
Command: [28dd4c149567ff0937b3f035231fe340, getElementText {id=224063bd-a064-46ff-8213-a23362e67785}]
Capabilities {acceptInsecureCerts: false, browserName: chrome, browserVersion: 108.0.5359.73, chrome: {chromedriverVersion: 108.0.5359.71 (1e0e3868ee06..., userDataDir: C:\Users\humai\AppData\Loca...}, goog:chromeOptions: {debuggerAddress: localhost:50430}, networkConnectionEnabled: false, pageLoadStrategy: normal, platformName: WINDOWS, proxy: Proxy(), se:cdp: ws://localhost:50430/devtoo..., se:cdpVersion: 108.0.5359.73, setWindowRect: true, strictFileInteractability: false, timeouts: {implicit: 0, pageLoad: 300000, script: 30000}, unhandledPromptBehavior: dismiss and notify, webauthn:extension:credBlob: true, webauthn:extension:largeBlob: true, webauthn:virtualAuthenticators: true}
Element: [[ChromeDriver: chrome on WINDOWS (28dd4c149567ff0937b3f035231fe340)] -&gt; xpath: //p[@class =&apos;price&apos;]]
Session ID: 28dd4c149567ff0937b3f035231fe340
	at org.openqa.selenium.remote.codec.w3c.W3CHttpResponseCodec.createException(W3CHttpResponseCodec.java:200)
	at org.openqa.selenium.remote.codec.w3c.W3CHttpResponseCodec.decode(W3CHttpResponseCodec.java:133)
	at org.openqa.selenium.remote.codec.w3c.W3CHttpResponseCodec.decode(W3CHttpResponseCodec.java:53)
	at org.openqa.selenium.remote.HttpCommandExecutor.execute(HttpCommandExecutor.java:184)
	at org.openqa.selenium.remote.service.DriverCommandExecutor.invokeExecute(DriverCommandExecutor.java:167)
	at org.openqa.selenium.remote.service.DriverCommandExecutor.execute(DriverCommandExecutor.java:142)
	at org.openqa.selenium.remote.RemoteWebDriver.execute(RemoteWebDriver.java:541)
	at org.openqa.selenium.remote.RemoteWebElement.execute(RemoteWebElement.java:257)
	at org.openqa.selenium.remote.RemoteWebElement.getText(RemoteWebElement.java:207)
	at com.tutorialsninja.pages.LaptopsAndNotebooksPage.getProductNamesByPrice(LaptopsAndNotebooksPage.java:70)
	at com.tutorialsninja.testsuite.LaptopsAndNotebooksPageTest.verifyProductsPriceDisplayHighToLowSuccessfully(LaptopsAndNotebooksPageTest.java:32)
	at java.util.ArrayList.forEach(ArrayList.java:1249)
	at com.intellij.rt.testng.IDEARemoteTestNG.run(IDEARemoteTestNG.java:66)
	at com.intellij.rt.testng.RemoteTestNGStarter.main(RemoteTestNGStarter.java:109)
... Removed 28 stack frames</pre></div><a href='#' onClick='toggleBox("stack-trace1649829954", this, "Click to show all stack frames", "Click to hide stack frames")'>Click to show all stack frames</a>
<div class='stack-trace' id='stack-trace1649829954'><pre>org.openqa.selenium.StaleElementReferenceException: stale element reference: element is not attached to the page document
  (Session info: chrome=108.0.5359.73)
For documentation on this error, please visit: https://selenium.dev/exceptions/#stale_element_reference
Build info: version: &apos;4.6.0&apos;, revision: &apos;79f1c02ae20&apos;
System info: os.name: &apos;Windows 10&apos;, os.arch: &apos;amd64&apos;, os.version: &apos;10.0&apos;, java.version: &apos;1.8.0_121&apos;
Driver info: org.openqa.selenium.chrome.ChromeDriver
Command: [28dd4c149567ff0937b3f035231fe340, getElementText {id=224063bd-a064-46ff-8213-a23362e67785}]
Capabilities {acceptInsecureCerts: false, browserName: chrome, browserVersion: 108.0.5359.73, chrome: {chromedriverVersion: 108.0.5359.71 (1e0e3868ee06..., userDataDir: C:\Users\humai\AppData\Loca...}, goog:chromeOptions: {debuggerAddress: localhost:50430}, networkConnectionEnabled: false, pageLoadStrategy: normal, platformName: WINDOWS, proxy: Proxy(), se:cdp: ws://localhost:50430/devtoo..., se:cdpVersion: 108.0.5359.73, setWindowRect: true, strictFileInteractability: false, timeouts: {implicit: 0, pageLoad: 300000, script: 30000}, unhandledPromptBehavior: dismiss and notify, webauthn:extension:credBlob: true, webauthn:extension:largeBlob: true, webauthn:virtualAuthenticators: true}
Element: [[ChromeDriver: chrome on WINDOWS (28dd4c149567ff0937b3f035231fe340)] -&gt; xpath: //p[@class =&apos;price&apos;]]
Session ID: 28dd4c149567ff0937b3f035231fe340
	at sun.reflect.NativeConstructorAccessorImpl.newInstance0(Native Method)
	at sun.reflect.NativeConstructorAccessorImpl.newInstance(NativeConstructorAccessorImpl.java:62)
	at sun.reflect.DelegatingConstructorAccessorImpl.newInstance(DelegatingConstructorAccessorImpl.java:45)
	at java.lang.reflect.Constructor.newInstance(Constructor.java:423)
	at org.openqa.selenium.remote.codec.w3c.W3CHttpResponseCodec.createException(W3CHttpResponseCodec.java:200)
	at org.openqa.selenium.remote.codec.w3c.W3CHttpResponseCodec.decode(W3CHttpResponseCodec.java:133)
	at org.openqa.selenium.remote.codec.w3c.W3CHttpResponseCodec.decode(W3CHttpResponseCodec.java:53)
	at org.openqa.selenium.remote.HttpCommandExecutor.execute(HttpCommandExecutor.java:184)
	at org.openqa.selenium.remote.service.DriverCommandExecutor.invokeExecute(DriverCommandExecutor.java:167)
	at org.openqa.selenium.remote.service.DriverCommandExecutor.execute(DriverCommandExecutor.java:142)
	at org.openqa.selenium.remote.RemoteWebDriver.execute(RemoteWebDriver.java:541)
	at org.openqa.selenium.remote.RemoteWebElement.execute(RemoteWebElement.java:257)
	at org.openqa.selenium.remote.RemoteWebElement.getText(RemoteWebElement.java:207)
	at com.tutorialsninja.pages.LaptopsAndNotebooksPage.getProductNamesByPrice(LaptopsAndNotebooksPage.java:70)
	at com.tutorialsninja.testsuite.LaptopsAndNotebooksPageTest.verifyProductsPriceDisplayHighToLowSuccessfully(LaptopsAndNotebooksPageTest.java:32)
	at sun.reflect.NativeMethodAccessorImpl.invoke0(Native Method)
	at sun.reflect.NativeMethodAccessorImpl.invoke(NativeMethodAccessorImpl.java:62)
	at sun.reflect.DelegatingMethodAccessorImpl.invoke(DelegatingMethodAccessorImpl.java:43)
	at java.lang.reflect.Method.invoke(Method.java:498)
	at org.testng.internal.invokers.MethodInvocationHelper.invokeMethod(MethodInvocationHelper.java:135)
	at org.testng.internal.invokers.TestInvoker.invokeMethod(TestInvoker.java:673)
	at org.testng.internal.invokers.TestInvoker.invokeTestMethod(TestInvoker.java:220)
	at org.testng.internal.invokers.MethodRunner.runInSequence(MethodRunner.java:50)
	at org.testng.internal.invokers.TestInvoker$MethodInvocationAgent.invoke(TestInvoker.java:945)
	at org.testng.internal.invokers.TestInvoker.invokeTestMethods(TestInvoker.java:193)
	at org.testng.internal.invokers.TestMethodWorker.invokeTestMethods(TestMethodWorker.java:146)
	at org.testng.internal.invokers.TestMethodWorker.run(TestMethodWorker.java:128)
	at java.util.ArrayList.forEach(ArrayList.java:1249)
	at org.testng.TestRunner.privateRun(TestRunner.java:808)
	at org.testng.TestRunner.run(TestRunner.java:603)
	at org.testng.SuiteRunner.runTest(SuiteRunner.java:429)
	at org.testng.SuiteRunner.runSequentially(SuiteRunner.java:423)
	at org.testng.SuiteRunner.privateRun(SuiteRunner.java:383)
	at org.testng.SuiteRunner.run(SuiteRunner.java:326)
	at org.testng.SuiteRunnerWorker.runSuite(SuiteRunnerWorker.java:52)
	at org.testng.SuiteRunnerWorker.run(SuiteRunnerWorker.java:95)
	at org.testng.TestNG.runSuitesSequentially(TestNG.java:1249)
	at org.testng.TestNG.runSuitesLocally(TestNG.java:1169)
	at org.testng.TestNG.runSuites(TestNG.java:1092)
	at org.testng.TestNG.run(TestNG.java:1060)
	at com.intellij.rt.testng.IDEARemoteTestNG.run(IDEARemoteTestNG.java:66)
	at com.intellij.rt.testng.RemoteTestNGStarter.main(RemoteTestNGStarter.java:109)
</pre></div></td>
<td>1</td>
<td>com.tutorialsninja.testsuite.LaptopsAndNotebooksPageTest@2f8f5f62</td></tr>
<tr>
<td title='com.tutorialsninja.testsuite.AccountLoginPageTest.verifyThatUserShouldLoginAndLogoutSuccessfully()'><b>verifyThatUserShouldLoginAndLogoutSuccessfully</b><br>Test class: com.tutorialsninja.testsuite.AccountLoginPageTest<br/>
<a href="#Output-571956559" onClick='toggleBox("Output-571956559", this, "Show output", "Hide output");'>Show output</a>

<a href="#Output-571956559" onClick="toggleAllBoxes();">Show all outputs</a>
<div class='log' id="Output-571956559">
Click on My Account link[[ChromeDriver: chrome on WINDOWS (fc34d9acf8a9463df3f84ea539e14d79)] -> xpath: //span[contains(text(),'My Account')]]<br/>
Select My Account options[[[ChromeDriver: chrome on WINDOWS (fc34d9acf8a9463df3f84ea539e14d79)] -> xpath: //div[@id='top-links']//li[contains(@class,'open')]/ul/li], [[ChromeDriver: chrome on WINDOWS (fc34d9acf8a9463df3f84ea539e14d79)] -> xpath: //div[@id='top-links']//li[contains(@class,'open')]/ul/li]]<br/>
Click to see screenshot<br/>
<a target = "_blank" href=C:\Users\humai\IdeaProjects\tutorialsninja-maven-page-factory-sw5/test-output/html/verifyThatUserShouldLoginAndLogoutSuccessfullyMon_Dec_12_11_31_53_GMT_2022.jpg>Screenshot</a><br/>
<br><br/>
<br><br/>
<a target = "_blank" href=C:\Users\humai\IdeaProjects\tutorialsninja-maven-page-factory-sw5/test-output/html/verifyThatUserShouldLoginAndLogoutSuccessfullyMon_Dec_12_11_31_53_GMT_2022.jpg><img src=C:\Users\humai\IdeaProjects\tutorialsninja-maven-page-factory-sw5/test-output/html/verifyThatUserShouldLoginAndLogoutSuccessfullyMon_Dec_12_11_31_53_GMT_2022.jpg height=200 width=200></img></a><br/>
</div>
</td>
<td><div><pre>org.openqa.selenium.StaleElementReferenceException: stale element reference: element is not attached to the page document
  (Session info: chrome=108.0.5359.73)
For documentation on this error, please visit: https://selenium.dev/exceptions/#stale_element_reference
Build info: version: &apos;4.6.0&apos;, revision: &apos;79f1c02ae20&apos;
System info: os.name: &apos;Windows 10&apos;, os.arch: &apos;amd64&apos;, os.version: &apos;10.0&apos;, java.version: &apos;1.8.0_121&apos;
Driver info: org.openqa.selenium.chrome.ChromeDriver
Command: [fc34d9acf8a9463df3f84ea539e14d79, getElementText {id=308f5c66-e959-493a-af9f-a3362ac62e4d}]
Capabilities {acceptInsecureCerts: false, browserName: chrome, browserVersion: 108.0.5359.73, chrome: {chromedriverVersion: 108.0.5359.71 (1e0e3868ee06..., userDataDir: C:\Users\humai\AppData\Loca...}, goog:chromeOptions: {debuggerAddress: localhost:50309}, networkConnectionEnabled: false, pageLoadStrategy: normal, platformName: WINDOWS, proxy: Proxy(), se:cdp: ws://localhost:50309/devtoo..., se:cdpVersion: 108.0.5359.73, setWindowRect: true, strictFileInteractability: false, timeouts: {implicit: 0, pageLoad: 300000, script: 30000}, unhandledPromptBehavior: dismiss and notify, webauthn:extension:credBlob: true, webauthn:extension:largeBlob: true, webauthn:virtualAuthenticators: true}
Element: [[ChromeDriver: chrome on WINDOWS (fc34d9acf8a9463df3f84ea539e14d79)] -&gt; xpath: //div[@id=&apos;top-links&apos;]//li[contains(@class,&apos;open&apos;)]/ul/li]
Session ID: fc34d9acf8a9463df3f84ea539e14d79
	at org.openqa.selenium.remote.codec.w3c.W3CHttpResponseCodec.createException(W3CHttpResponseCodec.java:200)
	at org.openqa.selenium.remote.codec.w3c.W3CHttpResponseCodec.decode(W3CHttpResponseCodec.java:133)
	at org.openqa.selenium.remote.codec.w3c.W3CHttpResponseCodec.decode(W3CHttpResponseCodec.java:53)
	at org.openqa.selenium.remote.HttpCommandExecutor.execute(HttpCommandExecutor.java:184)
	at org.openqa.selenium.remote.service.DriverCommandExecutor.invokeExecute(DriverCommandExecutor.java:167)
	at org.openqa.selenium.remote.service.DriverCommandExecutor.execute(DriverCommandExecutor.java:142)
	at org.openqa.selenium.remote.RemoteWebDriver.execute(RemoteWebDriver.java:541)
	at org.openqa.selenium.remote.RemoteWebElement.execute(RemoteWebElement.java:257)
	at org.openqa.selenium.remote.RemoteWebElement.getText(RemoteWebElement.java:207)
	at com.tutorialsninja.pages.HomePage.selectMyAccountOptions(HomePage.java:108)
	at com.tutorialsninja.testsuite.AccountLoginPageTest.verifyThatUserShouldLoginAndLogoutSuccessfully(AccountLoginPageTest.java:37)
	at java.util.ArrayList.forEach(ArrayList.java:1249)
	at com.intellij.rt.testng.IDEARemoteTestNG.run(IDEARemoteTestNG.java:66)
	at com.intellij.rt.testng.RemoteTestNGStarter.main(RemoteTestNGStarter.java:109)
... Removed 28 stack frames</pre></div><a href='#' onClick='toggleBox("stack-trace571956559", this, "Click to show all stack frames", "Click to hide stack frames")'>Click to show all stack frames</a>
<div class='stack-trace' id='stack-trace571956559'><pre>org.openqa.selenium.StaleElementReferenceException: stale element reference: element is not attached to the page document
  (Session info: chrome=108.0.5359.73)
For documentation on this error, please visit: https://selenium.dev/exceptions/#stale_element_reference
Build info: version: &apos;4.6.0&apos;, revision: &apos;79f1c02ae20&apos;
System info: os.name: &apos;Windows 10&apos;, os.arch: &apos;amd64&apos;, os.version: &apos;10.0&apos;, java.version: &apos;1.8.0_121&apos;
Driver info: org.openqa.selenium.chrome.ChromeDriver
Command: [fc34d9acf8a9463df3f84ea539e14d79, getElementText {id=308f5c66-e959-493a-af9f-a3362ac62e4d}]
Capabilities {acceptInsecureCerts: false, browserName: chrome, browserVersion: 108.0.5359.73, chrome: {chromedriverVersion: 108.0.5359.71 (1e0e3868ee06..., userDataDir: C:\Users\humai\AppData\Loca...}, goog:chromeOptions: {debuggerAddress: localhost:50309}, networkConnectionEnabled: false, pageLoadStrategy: normal, platformName: WINDOWS, proxy: Proxy(), se:cdp: ws://localhost:50309/devtoo..., se:cdpVersion: 108.0.5359.73, setWindowRect: true, strictFileInteractability: false, timeouts: {implicit: 0, pageLoad: 300000, script: 30000}, unhandledPromptBehavior: dismiss and notify, webauthn:extension:credBlob: true, webauthn:extension:largeBlob: true, webauthn:virtualAuthenticators: true}
Element: [[ChromeDriver: chrome on WINDOWS (fc34d9acf8a9463df3f84ea539e14d79)] -&gt; xpath: //div[@id=&apos;top-links&apos;]//li[contains(@class,&apos;open&apos;)]/ul/li]
Session ID: fc34d9acf8a9463df3f84ea539e14d79
	at sun.reflect.NativeConstructorAccessorImpl.newInstance0(Native Method)
	at sun.reflect.NativeConstructorAccessorImpl.newInstance(NativeConstructorAccessorImpl.java:62)
	at sun.reflect.DelegatingConstructorAccessorImpl.newInstance(DelegatingConstructorAccessorImpl.java:45)
	at java.lang.reflect.Constructor.newInstance(Constructor.java:423)
	at org.openqa.selenium.remote.codec.w3c.W3CHttpResponseCodec.createException(W3CHttpResponseCodec.java:200)
	at org.openqa.selenium.remote.codec.w3c.W3CHttpResponseCodec.decode(W3CHttpResponseCodec.java:133)
	at org.openqa.selenium.remote.codec.w3c.W3CHttpResponseCodec.decode(W3CHttpResponseCodec.java:53)
	at org.openqa.selenium.remote.HttpCommandExecutor.execute(HttpCommandExecutor.java:184)
	at org.openqa.selenium.remote.service.DriverCommandExecutor.invokeExecute(DriverCommandExecutor.java:167)
	at org.openqa.selenium.remote.service.DriverCommandExecutor.execute(DriverCommandExecutor.java:142)
	at org.openqa.selenium.remote.RemoteWebDriver.execute(RemoteWebDriver.java:541)
	at org.openqa.selenium.remote.RemoteWebElement.execute(RemoteWebElement.java:257)
	at org.openqa.selenium.remote.RemoteWebElement.getText(RemoteWebElement.java:207)
	at com.tutorialsninja.pages.HomePage.selectMyAccountOptions(HomePage.java:108)
	at com.tutorialsninja.testsuite.AccountLoginPageTest.verifyThatUserShouldLoginAndLogoutSuccessfully(AccountLoginPageTest.java:37)
	at sun.reflect.NativeMethodAccessorImpl.invoke0(Native Method)
	at sun.reflect.NativeMethodAccessorImpl.invoke(NativeMethodAccessorImpl.java:62)
	at sun.reflect.DelegatingMethodAccessorImpl.invoke(DelegatingMethodAccessorImpl.java:43)
	at java.lang.reflect.Method.invoke(Method.java:498)
	at org.testng.internal.invokers.MethodInvocationHelper.invokeMethod(MethodInvocationHelper.java:135)
	at org.testng.internal.invokers.TestInvoker.invokeMethod(TestInvoker.java:673)
	at org.testng.internal.invokers.TestInvoker.invokeTestMethod(TestInvoker.java:220)
	at org.testng.internal.invokers.MethodRunner.runInSequence(MethodRunner.java:50)
	at org.testng.internal.invokers.TestInvoker$MethodInvocationAgent.invoke(TestInvoker.java:945)
	at org.testng.internal.invokers.TestInvoker.invokeTestMethods(TestInvoker.java:193)
	at org.testng.internal.invokers.TestMethodWorker.invokeTestMethods(TestMethodWorker.java:146)
	at org.testng.internal.invokers.TestMethodWorker.run(TestMethodWorker.java:128)
	at java.util.ArrayList.forEach(ArrayList.java:1249)
	at org.testng.TestRunner.privateRun(TestRunner.java:808)
	at org.testng.TestRunner.run(TestRunner.java:603)
	at org.testng.SuiteRunner.runTest(SuiteRunner.java:429)
	at org.testng.SuiteRunner.runSequentially(SuiteRunner.java:423)
	at org.testng.SuiteRunner.privateRun(SuiteRunner.java:383)
	at org.testng.SuiteRunner.run(SuiteRunner.java:326)
	at org.testng.SuiteRunnerWorker.runSuite(SuiteRunnerWorker.java:52)
	at org.testng.SuiteRunnerWorker.run(SuiteRunnerWorker.java:95)
	at org.testng.TestNG.runSuitesSequentially(TestNG.java:1249)
	at org.testng.TestNG.runSuitesLocally(TestNG.java:1169)
	at org.testng.TestNG.runSuites(TestNG.java:1092)
	at org.testng.TestNG.run(TestNG.java:1060)
	at com.intellij.rt.testng.IDEARemoteTestNG.run(IDEARemoteTestNG.java:66)
	at com.intellij.rt.testng.RemoteTestNGStarter.main(RemoteTestNGStarter.java:109)
</pre></div></td>
<td>5</td>
<td>com.tutorialsninja.testsuite.AccountLoginPageTest@954b04f</td></tr>
<tr>
<td title='com.tutorialsninja.testsuite.RegisterPageTest.verifyThatUserRegisterAccountSuccessfully()'><b>verifyThatUserRegisterAccountSuccessfully</b><br>Test class: com.tutorialsninja.testsuite.RegisterPageTest<br/>
<a href="#Output-193492784" onClick='toggleBox("Output-193492784", this, "Show output", "Hide output");'>Show output</a>

<a href="#Output-193492784" onClick="toggleAllBoxes();">Show all outputs</a>
<div class='log' id="Output-193492784">
Click on My Account link[[ChromeDriver: chrome on WINDOWS (05cacb6ef558bfc694d4a84ad8d1454c)] -> xpath: //span[contains(text(),'My Account')]]<br/>
Select My Account options[[[ChromeDriver: chrome on WINDOWS (05cacb6ef558bfc694d4a84ad8d1454c)] -> xpath: //div[@id='top-links']//li[contains(@class,'open')]/ul/li], [[ChromeDriver: chrome on WINDOWS (05cacb6ef558bfc694d4a84ad8d1454c)] -> xpath: //div[@id='top-links']//li[contains(@class,'open')]/ul/li]]<br/>
Click to see screenshot<br/>
<a target = "_blank" href=C:\Users\humai\IdeaProjects\tutorialsninja-maven-page-factory-sw5/test-output/html/verifyThatUserRegisterAccountSuccessfullyMon_Dec_12_11_32_40_GMT_2022.jpg>Screenshot</a><br/>
<br><br/>
<br><br/>
<a target = "_blank" href=C:\Users\humai\IdeaProjects\tutorialsninja-maven-page-factory-sw5/test-output/html/verifyThatUserRegisterAccountSuccessfullyMon_Dec_12_11_32_40_GMT_2022.jpg><img src=C:\Users\humai\IdeaProjects\tutorialsninja-maven-page-factory-sw5/test-output/html/verifyThatUserRegisterAccountSuccessfullyMon_Dec_12_11_32_40_GMT_2022.jpg height=200 width=200></img></a><br/>
</div>
</td>
<td><div><pre>org.openqa.selenium.StaleElementReferenceException: stale element reference: element is not attached to the page document
  (Session info: chrome=108.0.5359.73)
For documentation on this error, please visit: https://selenium.dev/exceptions/#stale_element_reference
Build info: version: &apos;4.6.0&apos;, revision: &apos;79f1c02ae20&apos;
System info: os.name: &apos;Windows 10&apos;, os.arch: &apos;amd64&apos;, os.version: &apos;10.0&apos;, java.version: &apos;1.8.0_121&apos;
Driver info: org.openqa.selenium.chrome.ChromeDriver
Command: [05cacb6ef558bfc694d4a84ad8d1454c, getElementText {id=27076367-fe42-4772-84b5-6b9b9acf9639}]
Capabilities {acceptInsecureCerts: false, browserName: chrome, browserVersion: 108.0.5359.73, chrome: {chromedriverVersion: 108.0.5359.71 (1e0e3868ee06..., userDataDir: C:\Users\humai\AppData\Loca...}, goog:chromeOptions: {debuggerAddress: localhost:50519}, networkConnectionEnabled: false, pageLoadStrategy: normal, platformName: WINDOWS, proxy: Proxy(), se:cdp: ws://localhost:50519/devtoo..., se:cdpVersion: 108.0.5359.73, setWindowRect: true, strictFileInteractability: false, timeouts: {implicit: 0, pageLoad: 300000, script: 30000}, unhandledPromptBehavior: dismiss and notify, webauthn:extension:credBlob: true, webauthn:extension:largeBlob: true, webauthn:virtualAuthenticators: true}
Element: [[ChromeDriver: chrome on WINDOWS (05cacb6ef558bfc694d4a84ad8d1454c)] -&gt; xpath: //div[@id=&apos;top-links&apos;]//li[contains(@class,&apos;open&apos;)]/ul/li]
Session ID: 05cacb6ef558bfc694d4a84ad8d1454c
	at org.openqa.selenium.remote.codec.w3c.W3CHttpResponseCodec.createException(W3CHttpResponseCodec.java:200)
	at org.openqa.selenium.remote.codec.w3c.W3CHttpResponseCodec.decode(W3CHttpResponseCodec.java:133)
	at org.openqa.selenium.remote.codec.w3c.W3CHttpResponseCodec.decode(W3CHttpResponseCodec.java:53)
	at org.openqa.selenium.remote.HttpCommandExecutor.execute(HttpCommandExecutor.java:184)
	at org.openqa.selenium.remote.service.DriverCommandExecutor.invokeExecute(DriverCommandExecutor.java:167)
	at org.openqa.selenium.remote.service.DriverCommandExecutor.execute(DriverCommandExecutor.java:142)
	at org.openqa.selenium.remote.RemoteWebDriver.execute(RemoteWebDriver.java:541)
	at org.openqa.selenium.remote.RemoteWebElement.execute(RemoteWebElement.java:257)
	at org.openqa.selenium.remote.RemoteWebElement.getText(RemoteWebElement.java:207)
	at com.tutorialsninja.pages.HomePage.selectMyAccountOptions(HomePage.java:108)
	at com.tutorialsninja.testsuite.RegisterPageTest.verifyThatUserRegisterAccountSuccessfully(RegisterPageTest.java:31)
	at java.util.ArrayList.forEach(ArrayList.java:1249)
	at com.intellij.rt.testng.IDEARemoteTestNG.run(IDEARemoteTestNG.java:66)
	at com.intellij.rt.testng.RemoteTestNGStarter.main(RemoteTestNGStarter.java:109)
... Removed 28 stack frames</pre></div><a href='#' onClick='toggleBox("stack-trace193492784", this, "Click to show all stack frames", "Click to hide stack frames")'>Click to show all stack frames</a>
<div class='stack-trace' id='stack-trace193492784'><pre>org.openqa.selenium.StaleElementReferenceException: stale element reference: element is not attached to the page document
  (Session info: chrome=108.0.5359.73)
For documentation on this error, please visit: https://selenium.dev/exceptions/#stale_element_reference
Build info: version: &apos;4.6.0&apos;, revision: &apos;79f1c02ae20&apos;
System info: os.name: &apos;Windows 10&apos;, os.arch: &apos;amd64&apos;, os.version: &apos;10.0&apos;, java.version: &apos;1.8.0_121&apos;
Driver info: org.openqa.selenium.chrome.ChromeDriver
Command: [05cacb6ef558bfc694d4a84ad8d1454c, getElementText {id=27076367-fe42-4772-84b5-6b9b9acf9639}]
Capabilities {acceptInsecureCerts: false, browserName: chrome, browserVersion: 108.0.5359.73, chrome: {chromedriverVersion: 108.0.5359.71 (1e0e3868ee06..., userDataDir: C:\Users\humai\AppData\Loca...}, goog:chromeOptions: {debuggerAddress: localhost:50519}, networkConnectionEnabled: false, pageLoadStrategy: normal, platformName: WINDOWS, proxy: Proxy(), se:cdp: ws://localhost:50519/devtoo..., se:cdpVersion: 108.0.5359.73, setWindowRect: true, strictFileInteractability: false, timeouts: {implicit: 0, pageLoad: 300000, script: 30000}, unhandledPromptBehavior: dismiss and notify, webauthn:extension:credBlob: true, webauthn:extension:largeBlob: true, webauthn:virtualAuthenticators: true}
Element: [[ChromeDriver: chrome on WINDOWS (05cacb6ef558bfc694d4a84ad8d1454c)] -&gt; xpath: //div[@id=&apos;top-links&apos;]//li[contains(@class,&apos;open&apos;)]/ul/li]
Session ID: 05cacb6ef558bfc694d4a84ad8d1454c
	at sun.reflect.NativeConstructorAccessorImpl.newInstance0(Native Method)
	at sun.reflect.NativeConstructorAccessorImpl.newInstance(NativeConstructorAccessorImpl.java:62)
	at sun.reflect.DelegatingConstructorAccessorImpl.newInstance(DelegatingConstructorAccessorImpl.java:45)
	at java.lang.reflect.Constructor.newInstance(Constructor.java:423)
	at org.openqa.selenium.remote.codec.w3c.W3CHttpResponseCodec.createException(W3CHttpResponseCodec.java:200)
	at org.openqa.selenium.remote.codec.w3c.W3CHttpResponseCodec.decode(W3CHttpResponseCodec.java:133)
	at org.openqa.selenium.remote.codec.w3c.W3CHttpResponseCodec.decode(W3CHttpResponseCodec.java:53)
	at org.openqa.selenium.remote.HttpCommandExecutor.execute(HttpCommandExecutor.java:184)
	at org.openqa.selenium.remote.service.DriverCommandExecutor.invokeExecute(DriverCommandExecutor.java:167)
	at org.openqa.selenium.remote.service.DriverCommandExecutor.execute(DriverCommandExecutor.java:142)
	at org.openqa.selenium.remote.RemoteWebDriver.execute(RemoteWebDriver.java:541)
	at org.openqa.selenium.remote.RemoteWebElement.execute(RemoteWebElement.java:257)
	at org.openqa.selenium.remote.RemoteWebElement.getText(RemoteWebElement.java:207)
	at com.tutorialsninja.pages.HomePage.selectMyAccountOptions(HomePage.java:108)
	at com.tutorialsninja.testsuite.RegisterPageTest.verifyThatUserRegisterAccountSuccessfully(RegisterPageTest.java:31)
	at sun.reflect.NativeMethodAccessorImpl.invoke0(Native Method)
	at sun.reflect.NativeMethodAccessorImpl.invoke(NativeMethodAccessorImpl.java:62)
	at sun.reflect.DelegatingMethodAccessorImpl.invoke(DelegatingMethodAccessorImpl.java:43)
	at java.lang.reflect.Method.invoke(Method.java:498)
	at org.testng.internal.invokers.MethodInvocationHelper.invokeMethod(MethodInvocationHelper.java:135)
	at org.testng.internal.invokers.TestInvoker.invokeMethod(TestInvoker.java:673)
	at org.testng.internal.invokers.TestInvoker.invokeTestMethod(TestInvoker.java:220)
	at org.testng.internal.invokers.MethodRunner.runInSequence(MethodRunner.java:50)
	at org.testng.internal.invokers.TestInvoker$MethodInvocationAgent.invoke(TestInvoker.java:945)
	at org.testng.internal.invokers.TestInvoker.invokeTestMethods(TestInvoker.java:193)
	at org.testng.internal.invokers.TestMethodWorker.invokeTestMethods(TestMethodWorker.java:146)
	at org.testng.internal.invokers.TestMethodWorker.run(TestMethodWorker.java:128)
	at java.util.ArrayList.forEach(ArrayList.java:1249)
	at org.testng.TestRunner.privateRun(TestRunner.java:808)
	at org.testng.TestRunner.run(TestRunner.java:603)
	at org.testng.SuiteRunner.runTest(SuiteRunner.java:429)
	at org.testng.SuiteRunner.runSequentially(SuiteRunner.java:423)
	at org.testng.SuiteRunner.privateRun(SuiteRunner.java:383)
	at org.testng.SuiteRunner.run(SuiteRunner.java:326)
	at org.testng.SuiteRunnerWorker.runSuite(SuiteRunnerWorker.java:52)
	at org.testng.SuiteRunnerWorker.run(SuiteRunnerWorker.java:95)
	at org.testng.TestNG.runSuitesSequentially(TestNG.java:1249)
	at org.testng.TestNG.runSuitesLocally(TestNG.java:1169)
	at org.testng.TestNG.runSuites(TestNG.java:1092)
	at org.testng.TestNG.run(TestNG.java:1060)
	at com.intellij.rt.testng.IDEARemoteTestNG.run(IDEARemoteTestNG.java:66)
	at com.intellij.rt.testng.RemoteTestNGStarter.main(RemoteTestNGStarter.java:109)
</pre></div></td>
<td>5</td>
<td>com.tutorialsninja.testsuite.RegisterPageTest@1068e947</td></tr>
<tr>
<td title='com.tutorialsninja.testsuite.RegisterPageTest.verifyUserShouldNavigateToRegisterPageSuccessfully()'><b>verifyUserShouldNavigateToRegisterPageSuccessfully</b><br>Test class: com.tutorialsninja.testsuite.RegisterPageTest<br/>
<a href="#Output-818010696" onClick='toggleBox("Output-818010696", this, "Show output", "Hide output");'>Show output</a>

<a href="#Output-818010696" onClick="toggleAllBoxes();">Show all outputs</a>
<div class='log' id="Output-818010696">
Click on My Account link[[ChromeDriver: chrome on WINDOWS (66c2f1f928eae07f591934bb7806bd6b)] -> xpath: //span[contains(text(),'My Account')]]<br/>
Select My Account options[[[ChromeDriver: chrome on WINDOWS (66c2f1f928eae07f591934bb7806bd6b)] -> xpath: //div[@id='top-links']//li[contains(@class,'open')]/ul/li], [[ChromeDriver: chrome on WINDOWS (66c2f1f928eae07f591934bb7806bd6b)] -> xpath: //div[@id='top-links']//li[contains(@class,'open')]/ul/li]]<br/>
Click to see screenshot<br/>
<a target = "_blank" href=C:\Users\humai\IdeaProjects\tutorialsninja-maven-page-factory-sw5/test-output/html/verifyUserShouldNavigateToRegisterPageSuccessfullyMon_Dec_12_11_32_49_GMT_2022.jpg>Screenshot</a><br/>
<br><br/>
<br><br/>
<a target = "_blank" href=C:\Users\humai\IdeaProjects\tutorialsninja-maven-page-factory-sw5/test-output/html/verifyUserShouldNavigateToRegisterPageSuccessfullyMon_Dec_12_11_32_49_GMT_2022.jpg><img src=C:\Users\humai\IdeaProjects\tutorialsninja-maven-page-factory-sw5/test-output/html/verifyUserShouldNavigateToRegisterPageSuccessfullyMon_Dec_12_11_32_49_GMT_2022.jpg height=200 width=200></img></a><br/>
</div>
</td>
<td><div><pre>org.openqa.selenium.StaleElementReferenceException: stale element reference: element is not attached to the page document
  (Session info: chrome=108.0.5359.73)
For documentation on this error, please visit: https://selenium.dev/exceptions/#stale_element_reference
Build info: version: &apos;4.6.0&apos;, revision: &apos;79f1c02ae20&apos;
System info: os.name: &apos;Windows 10&apos;, os.arch: &apos;amd64&apos;, os.version: &apos;10.0&apos;, java.version: &apos;1.8.0_121&apos;
Driver info: org.openqa.selenium.chrome.ChromeDriver
Command: [66c2f1f928eae07f591934bb7806bd6b, getElementText {id=24f47569-33e7-408b-ae72-9ad549eee393}]
Capabilities {acceptInsecureCerts: false, browserName: chrome, browserVersion: 108.0.5359.73, chrome: {chromedriverVersion: 108.0.5359.71 (1e0e3868ee06..., userDataDir: C:\Users\humai\AppData\Loca...}, goog:chromeOptions: {debuggerAddress: localhost:50552}, networkConnectionEnabled: false, pageLoadStrategy: normal, platformName: WINDOWS, proxy: Proxy(), se:cdp: ws://localhost:50552/devtoo..., se:cdpVersion: 108.0.5359.73, setWindowRect: true, strictFileInteractability: false, timeouts: {implicit: 0, pageLoad: 300000, script: 30000}, unhandledPromptBehavior: dismiss and notify, webauthn:extension:credBlob: true, webauthn:extension:largeBlob: true, webauthn:virtualAuthenticators: true}
Element: [[ChromeDriver: chrome on WINDOWS (66c2f1f928eae07f591934bb7806bd6b)] -&gt; xpath: //div[@id=&apos;top-links&apos;]//li[contains(@class,&apos;open&apos;)]/ul/li]
Session ID: 66c2f1f928eae07f591934bb7806bd6b
	at org.openqa.selenium.remote.codec.w3c.W3CHttpResponseCodec.createException(W3CHttpResponseCodec.java:200)
	at org.openqa.selenium.remote.codec.w3c.W3CHttpResponseCodec.decode(W3CHttpResponseCodec.java:133)
	at org.openqa.selenium.remote.codec.w3c.W3CHttpResponseCodec.decode(W3CHttpResponseCodec.java:53)
	at org.openqa.selenium.remote.HttpCommandExecutor.execute(HttpCommandExecutor.java:184)
	at org.openqa.selenium.remote.service.DriverCommandExecutor.invokeExecute(DriverCommandExecutor.java:167)
	at org.openqa.selenium.remote.service.DriverCommandExecutor.execute(DriverCommandExecutor.java:142)
	at org.openqa.selenium.remote.RemoteWebDriver.execute(RemoteWebDriver.java:541)
	at org.openqa.selenium.remote.RemoteWebElement.execute(RemoteWebElement.java:257)
	at org.openqa.selenium.remote.RemoteWebElement.getText(RemoteWebElement.java:207)
	at com.tutorialsninja.pages.HomePage.selectMyAccountOptions(HomePage.java:108)
	at com.tutorialsninja.testsuite.RegisterPageTest.verifyUserShouldNavigateToRegisterPageSuccessfully(RegisterPageTest.java:25)
	at java.util.ArrayList.forEach(ArrayList.java:1249)
	at com.intellij.rt.testng.IDEARemoteTestNG.run(IDEARemoteTestNG.java:66)
	at com.intellij.rt.testng.RemoteTestNGStarter.main(RemoteTestNGStarter.java:109)
... Removed 28 stack frames</pre></div><a href='#' onClick='toggleBox("stack-trace818010696", this, "Click to show all stack frames", "Click to hide stack frames")'>Click to show all stack frames</a>
<div class='stack-trace' id='stack-trace818010696'><pre>org.openqa.selenium.StaleElementReferenceException: stale element reference: element is not attached to the page document
  (Session info: chrome=108.0.5359.73)
For documentation on this error, please visit: https://selenium.dev/exceptions/#stale_element_reference
Build info: version: &apos;4.6.0&apos;, revision: &apos;79f1c02ae20&apos;
System info: os.name: &apos;Windows 10&apos;, os.arch: &apos;amd64&apos;, os.version: &apos;10.0&apos;, java.version: &apos;1.8.0_121&apos;
Driver info: org.openqa.selenium.chrome.ChromeDriver
Command: [66c2f1f928eae07f591934bb7806bd6b, getElementText {id=24f47569-33e7-408b-ae72-9ad549eee393}]
Capabilities {acceptInsecureCerts: false, browserName: chrome, browserVersion: 108.0.5359.73, chrome: {chromedriverVersion: 108.0.5359.71 (1e0e3868ee06..., userDataDir: C:\Users\humai\AppData\Loca...}, goog:chromeOptions: {debuggerAddress: localhost:50552}, networkConnectionEnabled: false, pageLoadStrategy: normal, platformName: WINDOWS, proxy: Proxy(), se:cdp: ws://localhost:50552/devtoo..., se:cdpVersion: 108.0.5359.73, setWindowRect: true, strictFileInteractability: false, timeouts: {implicit: 0, pageLoad: 300000, script: 30000}, unhandledPromptBehavior: dismiss and notify, webauthn:extension:credBlob: true, webauthn:extension:largeBlob: true, webauthn:virtualAuthenticators: true}
Element: [[ChromeDriver: chrome on WINDOWS (66c2f1f928eae07f591934bb7806bd6b)] -&gt; xpath: //div[@id=&apos;top-links&apos;]//li[contains(@class,&apos;open&apos;)]/ul/li]
Session ID: 66c2f1f928eae07f591934bb7806bd6b
	at sun.reflect.NativeConstructorAccessorImpl.newInstance0(Native Method)
	at sun.reflect.NativeConstructorAccessorImpl.newInstance(NativeConstructorAccessorImpl.java:62)
	at sun.reflect.DelegatingConstructorAccessorImpl.newInstance(DelegatingConstructorAccessorImpl.java:45)
	at java.lang.reflect.Constructor.newInstance(Constructor.java:423)
	at org.openqa.selenium.remote.codec.w3c.W3CHttpResponseCodec.createException(W3CHttpResponseCodec.java:200)
	at org.openqa.selenium.remote.codec.w3c.W3CHttpResponseCodec.decode(W3CHttpResponseCodec.java:133)
	at org.openqa.selenium.remote.codec.w3c.W3CHttpResponseCodec.decode(W3CHttpResponseCodec.java:53)
	at org.openqa.selenium.remote.HttpCommandExecutor.execute(HttpCommandExecutor.java:184)
	at org.openqa.selenium.remote.service.DriverCommandExecutor.invokeExecute(DriverCommandExecutor.java:167)
	at org.openqa.selenium.remote.service.DriverCommandExecutor.execute(DriverCommandExecutor.java:142)
	at org.openqa.selenium.remote.RemoteWebDriver.execute(RemoteWebDriver.java:541)
	at org.openqa.selenium.remote.RemoteWebElement.execute(RemoteWebElement.java:257)
	at org.openqa.selenium.remote.RemoteWebElement.getText(RemoteWebElement.java:207)
	at com.tutorialsninja.pages.HomePage.selectMyAccountOptions(HomePage.java:108)
	at com.tutorialsninja.testsuite.RegisterPageTest.verifyUserShouldNavigateToRegisterPageSuccessfully(RegisterPageTest.java:25)
	at sun.reflect.NativeMethodAccessorImpl.invoke0(Native Method)
	at sun.reflect.NativeMethodAccessorImpl.invoke(NativeMethodAccessorImpl.java:62)
	at sun.reflect.DelegatingMethodAccessorImpl.invoke(DelegatingMethodAccessorImpl.java:43)
	at java.lang.reflect.Method.invoke(Method.java:498)
	at org.testng.internal.invokers.MethodInvocationHelper.invokeMethod(MethodInvocationHelper.java:135)
	at org.testng.internal.invokers.TestInvoker.invokeMethod(TestInvoker.java:673)
	at org.testng.internal.invokers.TestInvoker.invokeTestMethod(TestInvoker.java:220)
	at org.testng.internal.invokers.MethodRunner.runInSequence(MethodRunner.java:50)
	at org.testng.internal.invokers.TestInvoker$MethodInvocationAgent.invoke(TestInvoker.java:945)
	at org.testng.internal.invokers.TestInvoker.invokeTestMethods(TestInvoker.java:193)
	at org.testng.internal.invokers.TestMethodWorker.invokeTestMethods(TestMethodWorker.java:146)
	at org.testng.internal.invokers.TestMethodWorker.run(TestMethodWorker.java:128)
	at java.util.ArrayList.forEach(ArrayList.java:1249)
	at org.testng.TestRunner.privateRun(TestRunner.java:808)
	at org.testng.TestRunner.run(TestRunner.java:603)
	at org.testng.SuiteRunner.runTest(SuiteRunner.java:429)
	at org.testng.SuiteRunner.runSequentially(SuiteRunner.java:423)
	at org.testng.SuiteRunner.privateRun(SuiteRunner.java:383)
	at org.testng.SuiteRunner.run(SuiteRunner.java:326)
	at org.testng.SuiteRunnerWorker.runSuite(SuiteRunnerWorker.java:52)
	at org.testng.SuiteRunnerWorker.run(SuiteRunnerWorker.java:95)
	at org.testng.TestNG.runSuitesSequentially(TestNG.java:1249)
	at org.testng.TestNG.runSuitesLocally(TestNG.java:1169)
	at org.testng.TestNG.runSuites(TestNG.java:1092)
	at org.testng.TestNG.run(TestNG.java:1060)
	at com.intellij.rt.testng.IDEARemoteTestNG.run(IDEARemoteTestNG.java:66)
	at com.intellij.rt.testng.RemoteTestNGStarter.main(RemoteTestNGStarter.java:109)
</pre></div></td>
<td>5</td>
<td>com.tutorialsninja.testsuite.RegisterPageTest@1068e947</td></tr>
<tr>
<td title='com.tutorialsninja.testsuite.DesktopPageTest.verifyProductArrangeInAlphabeticalOrder()'><b>verifyProductArrangeInAlphabeticalOrder</b><br>Test class: com.tutorialsninja.testsuite.DesktopPageTest<br/>
<a href="#Output-679442449" onClick='toggleBox("Output-679442449", this, "Show output", "Hide output");'>Show output</a>

<a href="#Output-679442449" onClick="toggleAllBoxes();">Show all outputs</a>
<div class='log' id="Output-679442449">
Hover the mouse on Desktops tab and click[[ChromeDriver: chrome on WINDOWS (bb2b362d05c45a6e09cf2d338bd6b0f9)] -> link text: Desktops]<br/>
Select show all desktops from drop down[[[ChromeDriver: chrome on WINDOWS (bb2b362d05c45a6e09cf2d338bd6b0f9)] -> link text: Show All Desktops]]<br/>
Get a list of all products listed under desktops[[[ChromeDriver: chrome on WINDOWS (bb2b362d05c45a6e09cf2d338bd6b0f9)] -> xpath: //h4/a], [[ChromeDriver: chrome on WINDOWS (bb2b362d05c45a6e09cf2d338bd6b0f9)] -> xpath: //h4/a], [[ChromeDriver: chrome on WINDOWS (bb2b362d05c45a6e09cf2d338bd6b0f9)] -> xpath: //h4/a], [[ChromeDriver: chrome on WINDOWS (bb2b362d05c45a6e09cf2d338bd6b0f9)] -> xpath: //h4/a], [[ChromeDriver: chrome on WINDOWS (bb2b362d05c45a6e09cf2d338bd6b0f9)] -> xpath: //h4/a], [[ChromeDriver: chrome on WINDOWS (bb2b362d05c45a6e09cf2d338bd6b0f9)] -> xpath: //h4/a], [[ChromeDriver: chrome on WINDOWS (bb2b362d05c45a6e09cf2d338bd6b0f9)] -> xpath: //h4/a], [[ChromeDriver: chrome on WINDOWS (bb2b362d05c45a6e09cf2d338bd6b0f9)] -> xpath: //h4/a], [[ChromeDriver: chrome on WINDOWS (bb2b362d05c45a6e09cf2d338bd6b0f9)] -> xpath: //h4/a], [[ChromeDriver: chrome on WINDOWS (bb2b362d05c45a6e09cf2d338bd6b0f9)] -> xpath: //h4/a], [[ChromeDriver: chrome on WINDOWS (bb2b362d05c45a6e09cf2d338bd6b0f9)] -> xpath: //h4/a], [[ChromeDriver: chrome on WINDOWS (bb2b362d05c45a6e09cf2d338bd6b0f9)] -> xpath: //h4/a]]<br/>
Get a list of all products listed under desktops[[[ChromeDriver: chrome on WINDOWS (bb2b362d05c45a6e09cf2d338bd6b0f9)] -> xpath: //h4/a], [[ChromeDriver: chrome on WINDOWS (bb2b362d05c45a6e09cf2d338bd6b0f9)] -> xpath: //h4/a], [[ChromeDriver: chrome on WINDOWS (bb2b362d05c45a6e09cf2d338bd6b0f9)] -> xpath: //h4/a], [[ChromeDriver: chrome on WINDOWS (bb2b362d05c45a6e09cf2d338bd6b0f9)] -> xpath: //h4/a], [[ChromeDriver: chrome on WINDOWS (bb2b362d05c45a6e09cf2d338bd6b0f9)] -> xpath: //h4/a], [[ChromeDriver: chrome on WINDOWS (bb2b362d05c45a6e09cf2d338bd6b0f9)] -> xpath: //h4/a], [[ChromeDriver: chrome on WINDOWS (bb2b362d05c45a6e09cf2d338bd6b0f9)] -> xpath: //h4/a], [[ChromeDriver: chrome on WINDOWS (bb2b362d05c45a6e09cf2d338bd6b0f9)] -> xpath: //h4/a], [[ChromeDriver: chrome on WINDOWS (bb2b362d05c45a6e09cf2d338bd6b0f9)] -> xpath: //h4/a], [[ChromeDriver: chrome on WINDOWS (bb2b362d05c45a6e09cf2d338bd6b0f9)] -> xpath: //h4/a], [[ChromeDriver: chrome on WINDOWS (bb2b362d05c45a6e09cf2d338bd6b0f9)] -> xpath: //h4/a], [[ChromeDriver: chrome on WINDOWS (bb2b362d05c45a6e09cf2d338bd6b0f9)] -> xpath: //h4/a]]<br/>
Get a list of all products listed under desktops by Name Z to A[[[ChromeDriver: chrome on WINDOWS (bb2b362d05c45a6e09cf2d338bd6b0f9)] -> xpath: //h4/a], [[ChromeDriver: chrome on WINDOWS (bb2b362d05c45a6e09cf2d338bd6b0f9)] -> xpath: //h4/a], [[ChromeDriver: chrome on WINDOWS (bb2b362d05c45a6e09cf2d338bd6b0f9)] -> xpath: //h4/a], [[ChromeDriver: chrome on WINDOWS (bb2b362d05c45a6e09cf2d338bd6b0f9)] -> xpath: //h4/a], [[ChromeDriver: chrome on WINDOWS (bb2b362d05c45a6e09cf2d338bd6b0f9)] -> xpath: //h4/a], [[ChromeDriver: chrome on WINDOWS (bb2b362d05c45a6e09cf2d338bd6b0f9)] -> xpath: //h4/a], [[ChromeDriver: chrome on WINDOWS (bb2b362d05c45a6e09cf2d338bd6b0f9)] -> xpath: //h4/a], [[ChromeDriver: chrome on WINDOWS (bb2b362d05c45a6e09cf2d338bd6b0f9)] -> xpath: //h4/a], [[ChromeDriver: chrome on WINDOWS (bb2b362d05c45a6e09cf2d338bd6b0f9)] -> xpath: //h4/a], [[ChromeDriver: chrome on WINDOWS (bb2b362d05c45a6e09cf2d338bd6b0f9)] -> xpath: //h4/a], [[ChromeDriver: chrome on WINDOWS (bb2b362d05c45a6e09cf2d338bd6b0f9)] -> xpath: //h4/a], [[ChromeDriver: chrome on WINDOWS (bb2b362d05c45a6e09cf2d338bd6b0f9)] -> xpath: //h4/a]]<br/>
Click to see screenshot<br/>
<a target = "_blank" href=C:\Users\humai\IdeaProjects\tutorialsninja-maven-page-factory-sw5/test-output/html/verifyProductArrangeInAlphabeticalOrderMon_Dec_12_11_32_09_GMT_2022.jpg>Screenshot</a><br/>
<br><br/>
<br><br/>
<a target = "_blank" href=C:\Users\humai\IdeaProjects\tutorialsninja-maven-page-factory-sw5/test-output/html/verifyProductArrangeInAlphabeticalOrderMon_Dec_12_11_32_09_GMT_2022.jpg><img src=C:\Users\humai\IdeaProjects\tutorialsninja-maven-page-factory-sw5/test-output/html/verifyProductArrangeInAlphabeticalOrderMon_Dec_12_11_32_09_GMT_2022.jpg height=200 width=200></img></a><br/>
</div>
</td>
<td><div><pre>org.openqa.selenium.StaleElementReferenceException: stale element reference: element is not attached to the page document
  (Session info: chrome=108.0.5359.73)
For documentation on this error, please visit: https://selenium.dev/exceptions/#stale_element_reference
Build info: version: &apos;4.6.0&apos;, revision: &apos;79f1c02ae20&apos;
System info: os.name: &apos;Windows 10&apos;, os.arch: &apos;amd64&apos;, os.version: &apos;10.0&apos;, java.version: &apos;1.8.0_121&apos;
Driver info: org.openqa.selenium.chrome.ChromeDriver
Command: [bb2b362d05c45a6e09cf2d338bd6b0f9, getElementText {id=700f803e-0e1f-4251-bb4e-e0d3c1f07dc3}]
Capabilities {acceptInsecureCerts: false, browserName: chrome, browserVersion: 108.0.5359.73, chrome: {chromedriverVersion: 108.0.5359.71 (1e0e3868ee06..., userDataDir: C:\Users\humai\AppData\Loca...}, goog:chromeOptions: {debuggerAddress: localhost:50403}, networkConnectionEnabled: false, pageLoadStrategy: normal, platformName: WINDOWS, proxy: Proxy(), se:cdp: ws://localhost:50403/devtoo..., se:cdpVersion: 108.0.5359.73, setWindowRect: true, strictFileInteractability: false, timeouts: {implicit: 0, pageLoad: 300000, script: 30000}, unhandledPromptBehavior: dismiss and notify, webauthn:extension:credBlob: true, webauthn:extension:largeBlob: true, webauthn:virtualAuthenticators: true}
Element: [[ChromeDriver: chrome on WINDOWS (bb2b362d05c45a6e09cf2d338bd6b0f9)] -&gt; xpath: //h4/a]
Session ID: bb2b362d05c45a6e09cf2d338bd6b0f9
	at org.openqa.selenium.remote.codec.w3c.W3CHttpResponseCodec.createException(W3CHttpResponseCodec.java:200)
	at org.openqa.selenium.remote.codec.w3c.W3CHttpResponseCodec.decode(W3CHttpResponseCodec.java:133)
	at org.openqa.selenium.remote.codec.w3c.W3CHttpResponseCodec.decode(W3CHttpResponseCodec.java:53)
	at org.openqa.selenium.remote.HttpCommandExecutor.execute(HttpCommandExecutor.java:184)
	at org.openqa.selenium.remote.service.DriverCommandExecutor.invokeExecute(DriverCommandExecutor.java:167)
	at org.openqa.selenium.remote.service.DriverCommandExecutor.execute(DriverCommandExecutor.java:142)
	at org.openqa.selenium.remote.RemoteWebDriver.execute(RemoteWebDriver.java:541)
	at org.openqa.selenium.remote.RemoteWebElement.execute(RemoteWebElement.java:257)
	at org.openqa.selenium.remote.RemoteWebElement.getText(RemoteWebElement.java:207)
	at com.tutorialsninja.pages.DesktopPage.getProductNamesListByNameZToA(DesktopPage.java:86)
	at com.tutorialsninja.testsuite.DesktopPageTest.verifyProductArrangeInAlphabeticalOrder(DesktopPageTest.java:30)
	at java.util.ArrayList.forEach(ArrayList.java:1249)
	at com.intellij.rt.testng.IDEARemoteTestNG.run(IDEARemoteTestNG.java:66)
	at com.intellij.rt.testng.RemoteTestNGStarter.main(RemoteTestNGStarter.java:109)
... Removed 28 stack frames</pre></div><a href='#' onClick='toggleBox("stack-trace679442449", this, "Click to show all stack frames", "Click to hide stack frames")'>Click to show all stack frames</a>
<div class='stack-trace' id='stack-trace679442449'><pre>org.openqa.selenium.StaleElementReferenceException: stale element reference: element is not attached to the page document
  (Session info: chrome=108.0.5359.73)
For documentation on this error, please visit: https://selenium.dev/exceptions/#stale_element_reference
Build info: version: &apos;4.6.0&apos;, revision: &apos;79f1c02ae20&apos;
System info: os.name: &apos;Windows 10&apos;, os.arch: &apos;amd64&apos;, os.version: &apos;10.0&apos;, java.version: &apos;1.8.0_121&apos;
Driver info: org.openqa.selenium.chrome.ChromeDriver
Command: [bb2b362d05c45a6e09cf2d338bd6b0f9, getElementText {id=700f803e-0e1f-4251-bb4e-e0d3c1f07dc3}]
Capabilities {acceptInsecureCerts: false, browserName: chrome, browserVersion: 108.0.5359.73, chrome: {chromedriverVersion: 108.0.5359.71 (1e0e3868ee06..., userDataDir: C:\Users\humai\AppData\Loca...}, goog:chromeOptions: {debuggerAddress: localhost:50403}, networkConnectionEnabled: false, pageLoadStrategy: normal, platformName: WINDOWS, proxy: Proxy(), se:cdp: ws://localhost:50403/devtoo..., se:cdpVersion: 108.0.5359.73, setWindowRect: true, strictFileInteractability: false, timeouts: {implicit: 0, pageLoad: 300000, script: 30000}, unhandledPromptBehavior: dismiss and notify, webauthn:extension:credBlob: true, webauthn:extension:largeBlob: true, webauthn:virtualAuthenticators: true}
Element: [[ChromeDriver: chrome on WINDOWS (bb2b362d05c45a6e09cf2d338bd6b0f9)] -&gt; xpath: //h4/a]
Session ID: bb2b362d05c45a6e09cf2d338bd6b0f9
	at sun.reflect.NativeConstructorAccessorImpl.newInstance0(Native Method)
	at sun.reflect.NativeConstructorAccessorImpl.newInstance(NativeConstructorAccessorImpl.java:62)
	at sun.reflect.DelegatingConstructorAccessorImpl.newInstance(DelegatingConstructorAccessorImpl.java:45)
	at java.lang.reflect.Constructor.newInstance(Constructor.java:423)
	at org.openqa.selenium.remote.codec.w3c.W3CHttpResponseCodec.createException(W3CHttpResponseCodec.java:200)
	at org.openqa.selenium.remote.codec.w3c.W3CHttpResponseCodec.decode(W3CHttpResponseCodec.java:133)
	at org.openqa.selenium.remote.codec.w3c.W3CHttpResponseCodec.decode(W3CHttpResponseCodec.java:53)
	at org.openqa.selenium.remote.HttpCommandExecutor.execute(HttpCommandExecutor.java:184)
	at org.openqa.selenium.remote.service.DriverCommandExecutor.invokeExecute(DriverCommandExecutor.java:167)
	at org.openqa.selenium.remote.service.DriverCommandExecutor.execute(DriverCommandExecutor.java:142)
	at org.openqa.selenium.remote.RemoteWebDriver.execute(RemoteWebDriver.java:541)
	at org.openqa.selenium.remote.RemoteWebElement.execute(RemoteWebElement.java:257)
	at org.openqa.selenium.remote.RemoteWebElement.getText(RemoteWebElement.java:207)
	at com.tutorialsninja.pages.DesktopPage.getProductNamesListByNameZToA(DesktopPage.java:86)
	at com.tutorialsninja.testsuite.DesktopPageTest.verifyProductArrangeInAlphabeticalOrder(DesktopPageTest.java:30)
	at sun.reflect.NativeMethodAccessorImpl.invoke0(Native Method)
	at sun.reflect.NativeMethodAccessorImpl.invoke(NativeMethodAccessorImpl.java:62)
	at sun.reflect.DelegatingMethodAccessorImpl.invoke(DelegatingMethodAccessorImpl.java:43)
	at java.lang.reflect.Method.invoke(Method.java:498)
	at org.testng.internal.invokers.MethodInvocationHelper.invokeMethod(MethodInvocationHelper.java:135)
	at org.testng.internal.invokers.TestInvoker.invokeMethod(TestInvoker.java:673)
	at org.testng.internal.invokers.TestInvoker.invokeTestMethod(TestInvoker.java:220)
	at org.testng.internal.invokers.MethodRunner.runInSequence(MethodRunner.java:50)
	at org.testng.internal.invokers.TestInvoker$MethodInvocationAgent.invoke(TestInvoker.java:945)
	at org.testng.internal.invokers.TestInvoker.invokeTestMethods(TestInvoker.java:193)
	at org.testng.internal.invokers.TestMethodWorker.invokeTestMethods(TestMethodWorker.java:146)
	at org.testng.internal.invokers.TestMethodWorker.run(TestMethodWorker.java:128)
	at java.util.ArrayList.forEach(ArrayList.java:1249)
	at org.testng.TestRunner.privateRun(TestRunner.java:808)
	at org.testng.TestRunner.run(TestRunner.java:603)
	at org.testng.SuiteRunner.runTest(SuiteRunner.java:429)
	at org.testng.SuiteRunner.runSequentially(SuiteRunner.java:423)
	at org.testng.SuiteRunner.privateRun(SuiteRunner.java:383)
	at org.testng.SuiteRunner.run(SuiteRunner.java:326)
	at org.testng.SuiteRunnerWorker.runSuite(SuiteRunnerWorker.java:52)
	at org.testng.SuiteRunnerWorker.run(SuiteRunnerWorker.java:95)
	at org.testng.TestNG.runSuitesSequentially(TestNG.java:1249)
	at org.testng.TestNG.runSuitesLocally(TestNG.java:1169)
	at org.testng.TestNG.runSuites(TestNG.java:1092)
	at org.testng.TestNG.run(TestNG.java:1060)
	at com.intellij.rt.testng.IDEARemoteTestNG.run(IDEARemoteTestNG.java:66)
	at com.intellij.rt.testng.RemoteTestNGStarter.main(RemoteTestNGStarter.java:109)
</pre></div></td>
<td>1</td>
<td>com.tutorialsninja.testsuite.DesktopPageTest@7ba18f1b</td></tr>
</table><p>
<table width='100%' border='1' class='invocation-passed'>
<tr><td colspan='4' align='center'><b>PASSED TESTS</b></td></tr>
<tr><td><b>Test method</b></td>
<td width="30%"><b>Exception</b></td>
<td width="10%"><b>Time (seconds)</b></td>
<td><b>Instance</b></td>
</tr>
<tr>
<td title='com.tutorialsninja.testsuite.AccountLoginPageTest.verifyUserShouldNavigateToLoginPageSuccessfully()'><b>verifyUserShouldNavigateToLoginPageSuccessfully</b><br>Test class: com.tutorialsninja.testsuite.AccountLoginPageTest<br/>
<a href="#Output-1923810797" onClick='toggleBox("Output-1923810797", this, "Show output", "Hide output");'>Show output</a>

<a href="#Output-1923810797" onClick="toggleAllBoxes();">Show all outputs</a>
<div class='log' id="Output-1923810797">
Click on My Account link[[ChromeDriver: chrome on WINDOWS (09eb55da635a72232b096580aedbb334)] -> xpath: //span[contains(text(),'My Account')]]<br/>
Select My Account options[[[ChromeDriver: chrome on WINDOWS (09eb55da635a72232b096580aedbb334)] -> xpath: //div[@id='top-links']//li[contains(@class,'open')]/ul/li], [[ChromeDriver: chrome on WINDOWS (09eb55da635a72232b096580aedbb334)] -> xpath: //div[@id='top-links']//li[contains(@class,'open')]/ul/li]]<br/>
Verify the Login Page name[[ChromeDriver: chrome on WINDOWS (09eb55da635a72232b096580aedbb334)] -> xpath: //h2[contains(text(),'Returning Customer')]]<br/>
</div>
</td>
<td></td>
<td>5</td>
<td>com.tutorialsninja.testsuite.AccountLoginPageTest@954b04f</td></tr>
<tr>
<td title='com.tutorialsninja.testsuite.TopMenuTest.verifyUserShouldNavigateToDesktopsPageSuccessfully()'><b>verifyUserShouldNavigateToDesktopsPageSuccessfully</b><br>Test class: com.tutorialsninja.testsuite.TopMenuTest<br/>
<a href="#Output-1917513667" onClick='toggleBox("Output-1917513667", this, "Show output", "Hide output");'>Show output</a>

<a href="#Output-1917513667" onClick="toggleAllBoxes();">Show all outputs</a>
<div class='log' id="Output-1917513667">
Hover the mouse on Desktops tab and click[[ChromeDriver: chrome on WINDOWS (8e5be954f3f8210506aebef562647e2e)] -> link text: Desktops]<br/>
Select show all desktops from drop down[[[ChromeDriver: chrome on WINDOWS (8e5be954f3f8210506aebef562647e2e)] -> link text: Show All Desktops]]<br/>
Verify the Desktop page name[[ChromeDriver: chrome on WINDOWS (8e5be954f3f8210506aebef562647e2e)] -> xpath: //h2[contains(text(),'Desktops')]]<br/>
</div>
</td>
<td></td>
<td>1</td>
<td>com.tutorialsninja.testsuite.TopMenuTest@aecb35a</td></tr>
<tr>
<td title='com.tutorialsninja.testsuite.LaptopsAndNotebooksPageTest.verifyThatUserPlaceOrderSuccessfully()'><b>verifyThatUserPlaceOrderSuccessfully</b><br>Test class: com.tutorialsninja.testsuite.LaptopsAndNotebooksPageTest<br/>
<a href="#Output-1935870377" onClick='toggleBox("Output-1935870377", this, "Show output", "Hide output");'>Show output</a>

<a href="#Output-1935870377" onClick="toggleAllBoxes();">Show all outputs</a>
<div class='log' id="Output-1935870377">
Click on currency tab[[ChromeDriver: chrome on WINDOWS (d5018a9e97ec64182067967f1f0034a0)] -> xpath: //span[contains(text(),'Currency')]]<br/>
Change the currency[[[ChromeDriver: chrome on WINDOWS (d5018a9e97ec64182067967f1f0034a0)] -> xpath: //ul[@class = 'dropdown-menu']/li], [[ChromeDriver: chrome on WINDOWS (d5018a9e97ec64182067967f1f0034a0)] -> xpath: //ul[@class = 'dropdown-menu']/li], [[ChromeDriver: chrome on WINDOWS (d5018a9e97ec64182067967f1f0034a0)] -> xpath: //ul[@class = 'dropdown-menu']/li]]<br/>
Hover the mouse on Laptops & Notebooks tab and click[[ChromeDriver: chrome on WINDOWS (d5018a9e97ec64182067967f1f0034a0)] -> link text: Laptops & Notebooks]<br/>
Select show all Laptops & Notebooks from drop down[[[ChromeDriver: chrome on WINDOWS (d5018a9e97ec64182067967f1f0034a0)] -> link text: Show All Laptops & Notebooks]]<br/>
Select the sort by price tab[[ChromeDriver: chrome on WINDOWS (d5018a9e97ec64182067967f1f0034a0)] -> id: input-sort]<br/>
Click on the MacBook product[[ChromeDriver: chrome on WINDOWS (d5018a9e97ec64182067967f1f0034a0)] -> link text: MacBook]<br/>
Verify the MacBook product name[[ChromeDriver: chrome on WINDOWS (d5018a9e97ec64182067967f1f0034a0)] -> xpath: //h1[contains(text(),'MacBook')]]<br/>
Click on add to cart button[[ChromeDriver: chrome on WINDOWS (d5018a9e97ec64182067967f1f0034a0)] -> xpath: //button[@id='button-cart']]<br/>
Verify the product has been added to the cart[[ChromeDriver: chrome on WINDOWS (d5018a9e97ec64182067967f1f0034a0)] -> css selector: body:nth-child(2) div.container:nth-child(4) > div.alert.alert-success.alert-dismissible]<br/>
Click on the shopping cart link in the success message[[ChromeDriver: chrome on WINDOWS (d5018a9e97ec64182067967f1f0034a0)] -> xpath: //a[contains(text(),'shopping cart')]]<br/>
Verify shopping cart page name[[ChromeDriver: chrome on WINDOWS (d5018a9e97ec64182067967f1f0034a0)] -> xpath: //div[@id='content']//h1]<br/>
Verify the MacBook product name[[ChromeDriver: chrome on WINDOWS (d5018a9e97ec64182067967f1f0034a0)] -> xpath: //div[@class = 'table-responsive']/table/tbody/tr/td[2]/a]<br/>
Change the quantity of product to two in the cart[[ChromeDriver: chrome on WINDOWS (d5018a9e97ec64182067967f1f0034a0)] -> xpath: //div[@class = 'table-responsive']/table/tbody/tr/td[3]]<br/>
Click to update the Quantity[[ChromeDriver: chrome on WINDOWS (d5018a9e97ec64182067967f1f0034a0)] -> xpath: //button[contains(@data-original-title, 'Update')]]<br/>
Verify the quantity has been updated message[[ChromeDriver: chrome on WINDOWS (d5018a9e97ec64182067967f1f0034a0)] -> xpath: //div[@id='checkout-cart']/div[1]]<br/>
Verify the total amount in the cart[[ChromeDriver: chrome on WINDOWS (d5018a9e97ec64182067967f1f0034a0)] -> xpath: //div[@class = 'table-responsive']/table/tbody/tr/td[6]]<br/>
Click on checkout button[[ChromeDriver: chrome on WINDOWS (d5018a9e97ec64182067967f1f0034a0)] -> xpath: //a[contains(text(),'Checkout')]]<br/>
Verify Checkout page name[[ChromeDriver: chrome on WINDOWS (d5018a9e97ec64182067967f1f0034a0)] -> xpath: //h1[contains(text(),'Checkout')]]<br/>
Verify New Customer Text[[ChromeDriver: chrome on WINDOWS (d5018a9e97ec64182067967f1f0034a0)] -> xpath: //h2[contains(text(),'New Customer')]]<br/>
Click on Guest Checkout Radio button[[ChromeDriver: chrome on WINDOWS (d5018a9e97ec64182067967f1f0034a0)] -> xpath: //input[@value= 'guest']]<br/>
Click on New customer continue button[[ChromeDriver: chrome on WINDOWS (d5018a9e97ec64182067967f1f0034a0)] -> id: button-account]<br/>
Enter first name in the first name field[[ChromeDriver: chrome on WINDOWS (d5018a9e97ec64182067967f1f0034a0)] -> css selector: #input-payment-firstname]<br/>
Enter last name in the last name field[[ChromeDriver: chrome on WINDOWS (d5018a9e97ec64182067967f1f0034a0)] -> css selector: #input-payment-lastname]<br/>
Enter first email in the email address field[[ChromeDriver: chrome on WINDOWS (d5018a9e97ec64182067967f1f0034a0)] -> css selector: #input-payment-email]<br/>
Enter phone no in the phone no field[[ChromeDriver: chrome on WINDOWS (d5018a9e97ec64182067967f1f0034a0)] -> css selector: #input-payment-telephone]<br/>
Enter first line of address in the address line 1 field[[ChromeDriver: chrome on WINDOWS (d5018a9e97ec64182067967f1f0034a0)] -> css selector: #input-payment-address-1]<br/>
Enter city in the city name field[[ChromeDriver: chrome on WINDOWS (d5018a9e97ec64182067967f1f0034a0)] -> css selector: #input-payment-city]<br/>
Enter post code in the post code field[[ChromeDriver: chrome on WINDOWS (d5018a9e97ec64182067967f1f0034a0)] -> css selector: #input-payment-postcode]<br/>
Select country from the country field drop down menu[[ChromeDriver: chrome on WINDOWS (d5018a9e97ec64182067967f1f0034a0)] -> xpath: //select[@id='input-payment-country']]<br/>
Select region from the region field drop down menu[[ChromeDriver: chrome on WINDOWS (d5018a9e97ec64182067967f1f0034a0)] -> xpath: //select[@id='input-payment-zone']]<br/>
Click on continue as guest button[[ChromeDriver: chrome on WINDOWS (d5018a9e97ec64182067967f1f0034a0)] -> css selector: #button-guest]<br/>
Enter comments in About your order box[[ChromeDriver: chrome on WINDOWS (d5018a9e97ec64182067967f1f0034a0)] -> xpath: //textarea[@name = 'comment']]<br/>
Click on Terms and conditions checkbox[[ChromeDriver: chrome on WINDOWS (d5018a9e97ec64182067967f1f0034a0)] -> xpath: //input[@type= 'checkbox']]<br/>
Click on continue button to proceed to payment[[ChromeDriver: chrome on WINDOWS (d5018a9e97ec64182067967f1f0034a0)] -> css selector: #button-payment-method]<br/>
Verify payment warning message[[ChromeDriver: chrome on WINDOWS (d5018a9e97ec64182067967f1f0034a0)] -> xpath: //div[@class='alert alert-danger alert-dismissible']]<br/>
</div>
</td>
<td></td>
<td>14</td>
<td>com.tutorialsninja.testsuite.LaptopsAndNotebooksPageTest@2f8f5f62</td></tr>
<tr>
<td title='com.tutorialsninja.testsuite.TopMenuTest.verifyUserShouldNavigateToLaptopsAndNotebooksPageSuccessfully()'><b>verifyUserShouldNavigateToLaptopsAndNotebooksPageSuccessfully</b><br>Test class: com.tutorialsninja.testsuite.TopMenuTest<br/>
<a href="#Output-1300497562" onClick='toggleBox("Output-1300497562", this, "Show output", "Hide output");'>Show output</a>

<a href="#Output-1300497562" onClick="toggleAllBoxes();">Show all outputs</a>
<div class='log' id="Output-1300497562">
Hover the mouse on Laptops & Notebooks tab and click[[ChromeDriver: chrome on WINDOWS (461b27e08bb8b08f3ca2d461df8e40f1)] -> link text: Laptops & Notebooks]<br/>
Select show all Laptops & Notebooks from drop down[[[ChromeDriver: chrome on WINDOWS (461b27e08bb8b08f3ca2d461df8e40f1)] -> link text: Show All Laptops & Notebooks]]<br/>
</div>
</td>
<td></td>
<td>1</td>
<td>com.tutorialsninja.testsuite.TopMenuTest@aecb35a</td></tr>
<tr>
<td title='com.tutorialsninja.testsuite.TopMenuTest.verifyUserShouldNavigateToComponentsPageSuccessfully()'><b>verifyUserShouldNavigateToComponentsPageSuccessfully</b><br>Test class: com.tutorialsninja.testsuite.TopMenuTest<br/>
<a href="#Output-1263461649" onClick='toggleBox("Output-1263461649", this, "Show output", "Hide output");'>Show output</a>

<a href="#Output-1263461649" onClick="toggleAllBoxes();">Show all outputs</a>
<div class='log' id="Output-1263461649">
Hover the mouse on Components tab and click[[ChromeDriver: chrome on WINDOWS (9eedddc008aa8a00d7480c6166b8b7fc)] -> link text: Components]<br/>
Select show all Components from drop down[[[ChromeDriver: chrome on WINDOWS (9eedddc008aa8a00d7480c6166b8b7fc)] -> link text: Show All Components]]<br/>
Verify the Components page name[[ChromeDriver: chrome on WINDOWS (9eedddc008aa8a00d7480c6166b8b7fc)] -> xpath: //h2[contains(text(),'Components')]]<br/>
</div>
</td>
<td></td>
<td>0</td>
<td>com.tutorialsninja.testsuite.TopMenuTest@aecb35a</td></tr>
</table><p>
</body>
</html>