<html>
<head>
<title>TestNG:  Desktop Page Test</title>
<link href="../testng.css" rel="stylesheet" type="text/css" />
<link href="../my-testng.css" rel="stylesheet" type="text/css" />

<style type="text/css">
.log { display: none;} 
.stack-trace { display: none;} 
</style>
<script type="text/javascript">
<!--
function flip(e) {
  current = e.style.display;
  if (current == 'block') {
    e.style.display = 'none';
    return 0;
  }
  else {
    e.style.display = 'block';
    return 1;
  }
}

function toggleBox(szDivId, elem, msg1, msg2)
{
  var res = -1;  if (document.getElementById) {
    res = flip(document.getElementById(szDivId));
  }
  else if (document.all) {
    // this is the way old msie versions work
    res = flip(document.all[szDivId]);
  }
  if(elem) {
    if(res == 0) elem.innerHTML = msg1; else elem.innerHTML = msg2;
  }

}

function toggleAllBoxes() {
  if (document.getElementsByTagName) {
    d = document.getElementsByTagName('div');
    for (i = 0; i < d.length; i++) {
      if (d[i].className == 'log') {
        flip(d[i]);
      }
    }
  }
}

// -->
</script>

</head>
<body>
<h2 align='center'>Desktop Page Test</h2><table border='1' align="center">
<tr>
<td>Tests passed/Failed/Skipped:</td><td>0/2/0</td>
</tr><tr>
<td>Started on:</td><td>Mon Dec 12 10:21:46 GMT 2022</td>
</tr>
<tr><td>Total time:</td><td>9 seconds (9470 ms)</td>
</tr><tr>
<td>Included groups:</td><td></td>
</tr><tr>
<td>Excluded groups:</td><td></td>
</tr>
</table><p/>
<small><i>(Hover the method name to see the test class name)</i></small><p/>
<table width='100%' border='1' class='invocation-failed'>
<tr><td colspan='4' align='center'><b>FAILED TESTS</b></td></tr>
<tr><td><b>Test method</b></td>
<td width="30%"><b>Exception</b></td>
<td width="10%"><b>Time (seconds)</b></td>
<td><b>Instance</b></td>
</tr>
<tr>
<td title='com.tutorialsninja.testsuite.DesktopPageTest.verifyProductArrangeInAlphabeticalOrder()'><b>verifyProductArrangeInAlphabeticalOrder</b><br>Test class: com.tutorialsninja.testsuite.DesktopPageTest<br/>
<a href="#Output-1869177530" onClick='toggleBox("Output-1869177530", this, "Show output", "Hide output");'>Show output</a>

<a href="#Output-1869177530" onClick="toggleAllBoxes();">Show all outputs</a>
<div class='log' id="Output-1869177530">
Hover the mouse on Desktops tab and click[[ChromeDriver: chrome on WINDOWS (e9b97da2a8026e503090c96f5e13039e)] -> link text: Desktops]<br/>
Select show all desktops from drop down[[[ChromeDriver: chrome on WINDOWS (e9b97da2a8026e503090c96f5e13039e)] -> link text: Show All Desktops]]<br/>
Get a list of all products listed under desktops[[[ChromeDriver: chrome on WINDOWS (e9b97da2a8026e503090c96f5e13039e)] -> xpath: //h4/a], [[ChromeDriver: chrome on WINDOWS (e9b97da2a8026e503090c96f5e13039e)] -> xpath: //h4/a], [[ChromeDriver: chrome on WINDOWS (e9b97da2a8026e503090c96f5e13039e)] -> xpath: //h4/a], [[ChromeDriver: chrome on WINDOWS (e9b97da2a8026e503090c96f5e13039e)] -> xpath: //h4/a], [[ChromeDriver: chrome on WINDOWS (e9b97da2a8026e503090c96f5e13039e)] -> xpath: //h4/a], [[ChromeDriver: chrome on WINDOWS (e9b97da2a8026e503090c96f5e13039e)] -> xpath: //h4/a], [[ChromeDriver: chrome on WINDOWS (e9b97da2a8026e503090c96f5e13039e)] -> xpath: //h4/a], [[ChromeDriver: chrome on WINDOWS (e9b97da2a8026e503090c96f5e13039e)] -> xpath: //h4/a], [[ChromeDriver: chrome on WINDOWS (e9b97da2a8026e503090c96f5e13039e)] -> xpath: //h4/a], [[ChromeDriver: chrome on WINDOWS (e9b97da2a8026e503090c96f5e13039e)] -> xpath: //h4/a], [[ChromeDriver: chrome on WINDOWS (e9b97da2a8026e503090c96f5e13039e)] -> xpath: //h4/a], [[ChromeDriver: chrome on WINDOWS (e9b97da2a8026e503090c96f5e13039e)] -> xpath: //h4/a]]<br/>
Get a list of all products listed under desktops[[[ChromeDriver: chrome on WINDOWS (e9b97da2a8026e503090c96f5e13039e)] -> xpath: //h4/a], [[ChromeDriver: chrome on WINDOWS (e9b97da2a8026e503090c96f5e13039e)] -> xpath: //h4/a], [[ChromeDriver: chrome on WINDOWS (e9b97da2a8026e503090c96f5e13039e)] -> xpath: //h4/a], [[ChromeDriver: chrome on WINDOWS (e9b97da2a8026e503090c96f5e13039e)] -> xpath: //h4/a], [[ChromeDriver: chrome on WINDOWS (e9b97da2a8026e503090c96f5e13039e)] -> xpath: //h4/a], [[ChromeDriver: chrome on WINDOWS (e9b97da2a8026e503090c96f5e13039e)] -> xpath: //h4/a], [[ChromeDriver: chrome on WINDOWS (e9b97da2a8026e503090c96f5e13039e)] -> xpath: //h4/a], [[ChromeDriver: chrome on WINDOWS (e9b97da2a8026e503090c96f5e13039e)] -> xpath: //h4/a], [[ChromeDriver: chrome on WINDOWS (e9b97da2a8026e503090c96f5e13039e)] -> xpath: //h4/a], [[ChromeDriver: chrome on WINDOWS (e9b97da2a8026e503090c96f5e13039e)] -> xpath: //h4/a], [[ChromeDriver: chrome on WINDOWS (e9b97da2a8026e503090c96f5e13039e)] -> xpath: //h4/a], [[ChromeDriver: chrome on WINDOWS (e9b97da2a8026e503090c96f5e13039e)] -> xpath: //h4/a]]<br/>
Get a list of all products listed under desktops by Name Z to A[[[ChromeDriver: chrome on WINDOWS (e9b97da2a8026e503090c96f5e13039e)] -> xpath: //h4/a], [[ChromeDriver: chrome on WINDOWS (e9b97da2a8026e503090c96f5e13039e)] -> xpath: //h4/a], [[ChromeDriver: chrome on WINDOWS (e9b97da2a8026e503090c96f5e13039e)] -> xpath: //h4/a], [[ChromeDriver: chrome on WINDOWS (e9b97da2a8026e503090c96f5e13039e)] -> xpath: //h4/a], [[ChromeDriver: chrome on WINDOWS (e9b97da2a8026e503090c96f5e13039e)] -> xpath: //h4/a], [[ChromeDriver: chrome on WINDOWS (e9b97da2a8026e503090c96f5e13039e)] -> xpath: //h4/a], [[ChromeDriver: chrome on WINDOWS (e9b97da2a8026e503090c96f5e13039e)] -> xpath: //h4/a], [[ChromeDriver: chrome on WINDOWS (e9b97da2a8026e503090c96f5e13039e)] -> xpath: //h4/a], [[ChromeDriver: chrome on WINDOWS (e9b97da2a8026e503090c96f5e13039e)] -> xpath: //h4/a], [[ChromeDriver: chrome on WINDOWS (e9b97da2a8026e503090c96f5e13039e)] -> xpath: //h4/a], [[ChromeDriver: chrome on WINDOWS (e9b97da2a8026e503090c96f5e13039e)] -> xpath: //h4/a], [[ChromeDriver: chrome on WINDOWS (e9b97da2a8026e503090c96f5e13039e)] -> xpath: //h4/a]]<br/>
Click to see screenshot<br/>
<a target = "_blank" href=C:\Users\humai\IdeaProjects\tutorialsninja-maven-page-factory-sw5/test-output/html/verifyProductArrangeInAlphabeticalOrderMon_Dec_12_10_21_55_GMT_2022.jpg>Screenshot</a><br/>
<br><br/>
<br><br/>
<a target = "_blank" href=C:\Users\humai\IdeaProjects\tutorialsninja-maven-page-factory-sw5/test-output/html/verifyProductArrangeInAlphabeticalOrderMon_Dec_12_10_21_55_GMT_2022.jpg><img src=C:\Users\humai\IdeaProjects\tutorialsninja-maven-page-factory-sw5/test-output/html/verifyProductArrangeInAlphabeticalOrderMon_Dec_12_10_21_55_GMT_2022.jpg height=200 width=200></img></a><br/>
</div>
</td>
<td><div><pre>org.openqa.selenium.StaleElementReferenceException: stale element reference: element is not attached to the page document
  (Session info: chrome=108.0.5359.73)
For documentation on this error, please visit: https://selenium.dev/exceptions/#stale_element_reference
Build info: version: &apos;4.6.0&apos;, revision: &apos;79f1c02ae20&apos;
System info: os.name: &apos;Windows 10&apos;, os.arch: &apos;amd64&apos;, os.version: &apos;10.0&apos;, java.version: &apos;1.8.0_121&apos;
Driver info: org.openqa.selenium.chrome.ChromeDriver
Command: [e9b97da2a8026e503090c96f5e13039e, getElementText {id=9328cb88-cc09-42b2-a446-268b03b48c54}]
Capabilities {acceptInsecureCerts: false, browserName: chrome, browserVersion: 108.0.5359.73, chrome: {chromedriverVersion: 108.0.5359.71 (1e0e3868ee06..., userDataDir: C:\Users\humai\AppData\Loca...}, goog:chromeOptions: {debuggerAddress: localhost:62917}, networkConnectionEnabled: false, pageLoadStrategy: normal, platformName: WINDOWS, proxy: Proxy(), se:cdp: ws://localhost:62917/devtoo..., se:cdpVersion: 108.0.5359.73, setWindowRect: true, strictFileInteractability: false, timeouts: {implicit: 0, pageLoad: 300000, script: 30000}, unhandledPromptBehavior: dismiss and notify, webauthn:extension:credBlob: true, webauthn:extension:largeBlob: true, webauthn:virtualAuthenticators: true}
Element: [[ChromeDriver: chrome on WINDOWS (e9b97da2a8026e503090c96f5e13039e)] -&gt; xpath: //h4/a]
Session ID: e9b97da2a8026e503090c96f5e13039e
	at org.openqa.selenium.remote.codec.w3c.W3CHttpResponseCodec.createException(W3CHttpResponseCodec.java:200)
	at org.openqa.selenium.remote.codec.w3c.W3CHttpResponseCodec.decode(W3CHttpResponseCodec.java:133)
	at org.openqa.selenium.remote.codec.w3c.W3CHttpResponseCodec.decode(W3CHttpResponseCodec.java:53)
	at org.openqa.selenium.remote.HttpCommandExecutor.execute(HttpCommandExecutor.java:184)
	at org.openqa.selenium.remote.service.DriverCommandExecutor.invokeExecute(DriverCommandExecutor.java:167)
	at org.openqa.selenium.remote.service.DriverCommandExecutor.execute(DriverCommandExecutor.java:142)
	at org.openqa.selenium.remote.RemoteWebDriver.execute(RemoteWebDriver.java:541)
	at org.openqa.selenium.remote.RemoteWebElement.execute(RemoteWebElement.java:257)
	at org.openqa.selenium.remote.RemoteWebElement.getText(RemoteWebElement.java:207)
	at com.tutorialsninja.pages.DesktopPage.getProductNamesListByNameZToA(DesktopPage.java:85)
	at com.tutorialsninja.testsuite.DesktopPageTest.verifyProductArrangeInAlphabeticalOrder(DesktopPageTest.java:30)
	at java.util.ArrayList.forEach(ArrayList.java:1249)
	at com.intellij.rt.testng.IDEARemoteTestNG.run(IDEARemoteTestNG.java:66)
	at com.intellij.rt.testng.RemoteTestNGStarter.main(RemoteTestNGStarter.java:109)
... Removed 28 stack frames</pre></div><a href='#' onClick='toggleBox("stack-trace1869177530", this, "Click to show all stack frames", "Click to hide stack frames")'>Click to show all stack frames</a>
<div class='stack-trace' id='stack-trace1869177530'><pre>org.openqa.selenium.StaleElementReferenceException: stale element reference: element is not attached to the page document
  (Session info: chrome=108.0.5359.73)
For documentation on this error, please visit: https://selenium.dev/exceptions/#stale_element_reference
Build info: version: &apos;4.6.0&apos;, revision: &apos;79f1c02ae20&apos;
System info: os.name: &apos;Windows 10&apos;, os.arch: &apos;amd64&apos;, os.version: &apos;10.0&apos;, java.version: &apos;1.8.0_121&apos;
Driver info: org.openqa.selenium.chrome.ChromeDriver
Command: [e9b97da2a8026e503090c96f5e13039e, getElementText {id=9328cb88-cc09-42b2-a446-268b03b48c54}]
Capabilities {acceptInsecureCerts: false, browserName: chrome, browserVersion: 108.0.5359.73, chrome: {chromedriverVersion: 108.0.5359.71 (1e0e3868ee06..., userDataDir: C:\Users\humai\AppData\Loca...}, goog:chromeOptions: {debuggerAddress: localhost:62917}, networkConnectionEnabled: false, pageLoadStrategy: normal, platformName: WINDOWS, proxy: Proxy(), se:cdp: ws://localhost:62917/devtoo..., se:cdpVersion: 108.0.5359.73, setWindowRect: true, strictFileInteractability: false, timeouts: {implicit: 0, pageLoad: 300000, script: 30000}, unhandledPromptBehavior: dismiss and notify, webauthn:extension:credBlob: true, webauthn:extension:largeBlob: true, webauthn:virtualAuthenticators: true}
Element: [[ChromeDriver: chrome on WINDOWS (e9b97da2a8026e503090c96f5e13039e)] -&gt; xpath: //h4/a]
Session ID: e9b97da2a8026e503090c96f5e13039e
	at sun.reflect.NativeConstructorAccessorImpl.newInstance0(Native Method)
	at sun.reflect.NativeConstructorAccessorImpl.newInstance(NativeConstructorAccessorImpl.java:62)
	at sun.reflect.DelegatingConstructorAccessorImpl.newInstance(DelegatingConstructorAccessorImpl.java:45)
	at java.lang.reflect.Constructor.newInstance(Constructor.java:423)
	at org.openqa.selenium.remote.codec.w3c.W3CHttpResponseCodec.createException(W3CHttpResponseCodec.java:200)
	at org.openqa.selenium.remote.codec.w3c.W3CHttpResponseCodec.decode(W3CHttpResponseCodec.java:133)
	at org.openqa.selenium.remote.codec.w3c.W3CHttpResponseCodec.decode(W3CHttpResponseCodec.java:53)
	at org.openqa.selenium.remote.HttpCommandExecutor.execute(HttpCommandExecutor.java:184)
	at org.openqa.selenium.remote.service.DriverCommandExecutor.invokeExecute(DriverCommandExecutor.java:167)
	at org.openqa.selenium.remote.service.DriverCommandExecutor.execute(DriverCommandExecutor.java:142)
	at org.openqa.selenium.remote.RemoteWebDriver.execute(RemoteWebDriver.java:541)
	at org.openqa.selenium.remote.RemoteWebElement.execute(RemoteWebElement.java:257)
	at org.openqa.selenium.remote.RemoteWebElement.getText(RemoteWebElement.java:207)
	at com.tutorialsninja.pages.DesktopPage.getProductNamesListByNameZToA(DesktopPage.java:85)
	at com.tutorialsninja.testsuite.DesktopPageTest.verifyProductArrangeInAlphabeticalOrder(DesktopPageTest.java:30)
	at sun.reflect.NativeMethodAccessorImpl.invoke0(Native Method)
	at sun.reflect.NativeMethodAccessorImpl.invoke(NativeMethodAccessorImpl.java:62)
	at sun.reflect.DelegatingMethodAccessorImpl.invoke(DelegatingMethodAccessorImpl.java:43)
	at java.lang.reflect.Method.invoke(Method.java:498)
	at org.testng.internal.invokers.MethodInvocationHelper.invokeMethod(MethodInvocationHelper.java:135)
	at org.testng.internal.invokers.TestInvoker.invokeMethod(TestInvoker.java:673)
	at org.testng.internal.invokers.TestInvoker.invokeTestMethod(TestInvoker.java:220)
	at org.testng.internal.invokers.MethodRunner.runInSequence(MethodRunner.java:50)
	at org.testng.internal.invokers.TestInvoker$MethodInvocationAgent.invoke(TestInvoker.java:945)
	at org.testng.internal.invokers.TestInvoker.invokeTestMethods(TestInvoker.java:193)
	at org.testng.internal.invokers.TestMethodWorker.invokeTestMethods(TestMethodWorker.java:146)
	at org.testng.internal.invokers.TestMethodWorker.run(TestMethodWorker.java:128)
	at java.util.ArrayList.forEach(ArrayList.java:1249)
	at org.testng.TestRunner.privateRun(TestRunner.java:808)
	at org.testng.TestRunner.run(TestRunner.java:603)
	at org.testng.SuiteRunner.runTest(SuiteRunner.java:429)
	at org.testng.SuiteRunner.runSequentially(SuiteRunner.java:423)
	at org.testng.SuiteRunner.privateRun(SuiteRunner.java:383)
	at org.testng.SuiteRunner.run(SuiteRunner.java:326)
	at org.testng.SuiteRunnerWorker.runSuite(SuiteRunnerWorker.java:52)
	at org.testng.SuiteRunnerWorker.run(SuiteRunnerWorker.java:95)
	at org.testng.TestNG.runSuitesSequentially(TestNG.java:1249)
	at org.testng.TestNG.runSuitesLocally(TestNG.java:1169)
	at org.testng.TestNG.runSuites(TestNG.java:1092)
	at org.testng.TestNG.run(TestNG.java:1060)
	at com.intellij.rt.testng.IDEARemoteTestNG.run(IDEARemoteTestNG.java:66)
	at com.intellij.rt.testng.RemoteTestNGStarter.main(RemoteTestNGStarter.java:109)
</pre></div></td>
<td>1</td>
<td>com.tutorialsninja.testsuite.DesktopPageTest@43a0cee9</td></tr>
<tr>
<td title='com.tutorialsninja.testsuite.DesktopPageTest.verifyProductAddedToShoppingCartSuccessFully()'><b>verifyProductAddedToShoppingCartSuccessFully</b><br>Test class: com.tutorialsninja.testsuite.DesktopPageTest<br/>
<a href="#Output-622772003" onClick='toggleBox("Output-622772003", this, "Show output", "Hide output");'>Show output</a>

<a href="#Output-622772003" onClick="toggleAllBoxes();">Show all outputs</a>
<div class='log' id="Output-622772003">
Click on currency tab[[ChromeDriver: chrome on WINDOWS (46321dc1cd28e2e6ec406a6d668cf362)] -> xpath: //span[contains(text(),'Currency')]]<br/>
Change the currency[[[ChromeDriver: chrome on WINDOWS (46321dc1cd28e2e6ec406a6d668cf362)] -> xpath: //ul[@class = 'dropdown-menu']/li], [[ChromeDriver: chrome on WINDOWS (46321dc1cd28e2e6ec406a6d668cf362)] -> xpath: //ul[@class = 'dropdown-menu']/li], [[ChromeDriver: chrome on WINDOWS (46321dc1cd28e2e6ec406a6d668cf362)] -> xpath: //ul[@class = 'dropdown-menu']/li]]<br/>
Hover the mouse on Desktops tab and click[[ChromeDriver: chrome on WINDOWS (46321dc1cd28e2e6ec406a6d668cf362)] -> link text: Desktops]<br/>
Select show all desktops from drop down[[[ChromeDriver: chrome on WINDOWS (46321dc1cd28e2e6ec406a6d668cf362)] -> link text: Show All Desktops]]<br/>
Get a list of all products listed under desktops by Name Z to A[[[ChromeDriver: chrome on WINDOWS (46321dc1cd28e2e6ec406a6d668cf362)] -> xpath: //h4/a], [[ChromeDriver: chrome on WINDOWS (46321dc1cd28e2e6ec406a6d668cf362)] -> xpath: //h4/a], [[ChromeDriver: chrome on WINDOWS (46321dc1cd28e2e6ec406a6d668cf362)] -> xpath: //h4/a], [[ChromeDriver: chrome on WINDOWS (46321dc1cd28e2e6ec406a6d668cf362)] -> xpath: //h4/a], [[ChromeDriver: chrome on WINDOWS (46321dc1cd28e2e6ec406a6d668cf362)] -> xpath: //h4/a], [[ChromeDriver: chrome on WINDOWS (46321dc1cd28e2e6ec406a6d668cf362)] -> xpath: //h4/a], [[ChromeDriver: chrome on WINDOWS (46321dc1cd28e2e6ec406a6d668cf362)] -> xpath: //h4/a], [[ChromeDriver: chrome on WINDOWS (46321dc1cd28e2e6ec406a6d668cf362)] -> xpath: //h4/a], [[ChromeDriver: chrome on WINDOWS (46321dc1cd28e2e6ec406a6d668cf362)] -> xpath: //h4/a], [[ChromeDriver: chrome on WINDOWS (46321dc1cd28e2e6ec406a6d668cf362)] -> xpath: //h4/a], [[ChromeDriver: chrome on WINDOWS (46321dc1cd28e2e6ec406a6d668cf362)] -> xpath: //h4/a], [[ChromeDriver: chrome on WINDOWS (46321dc1cd28e2e6ec406a6d668cf362)] -> xpath: //h4/a]]<br/>
Click to see screenshot<br/>
<a target = "_blank" href=C:\Users\humai\IdeaProjects\tutorialsninja-maven-page-factory-sw5/test-output/html/verifyProductAddedToShoppingCartSuccessFullyMon_Dec_12_10_21_51_GMT_2022.jpg>Screenshot</a><br/>
<br><br/>
<br><br/>
<a target = "_blank" href=C:\Users\humai\IdeaProjects\tutorialsninja-maven-page-factory-sw5/test-output/html/verifyProductAddedToShoppingCartSuccessFullyMon_Dec_12_10_21_51_GMT_2022.jpg><img src=C:\Users\humai\IdeaProjects\tutorialsninja-maven-page-factory-sw5/test-output/html/verifyProductAddedToShoppingCartSuccessFullyMon_Dec_12_10_21_51_GMT_2022.jpg height=200 width=200></img></a><br/>
</div>
</td>
<td><div><pre>org.openqa.selenium.StaleElementReferenceException: stale element reference: element is not attached to the page document
  (Session info: chrome=108.0.5359.73)
For documentation on this error, please visit: https://selenium.dev/exceptions/#stale_element_reference
Build info: version: &apos;4.6.0&apos;, revision: &apos;79f1c02ae20&apos;
System info: os.name: &apos;Windows 10&apos;, os.arch: &apos;amd64&apos;, os.version: &apos;10.0&apos;, java.version: &apos;1.8.0_121&apos;
Driver info: org.openqa.selenium.chrome.ChromeDriver
Command: [46321dc1cd28e2e6ec406a6d668cf362, getElementText {id=f10afbf0-5518-4d39-a5bc-0e22c47d14e3}]
Capabilities {acceptInsecureCerts: false, browserName: chrome, browserVersion: 108.0.5359.73, chrome: {chromedriverVersion: 108.0.5359.71 (1e0e3868ee06..., userDataDir: C:\Users\humai\AppData\Loca...}, goog:chromeOptions: {debuggerAddress: localhost:62892}, networkConnectionEnabled: false, pageLoadStrategy: normal, platformName: WINDOWS, proxy: Proxy(), se:cdp: ws://localhost:62892/devtoo..., se:cdpVersion: 108.0.5359.73, setWindowRect: true, strictFileInteractability: false, timeouts: {implicit: 0, pageLoad: 300000, script: 30000}, unhandledPromptBehavior: dismiss and notify, webauthn:extension:credBlob: true, webauthn:extension:largeBlob: true, webauthn:virtualAuthenticators: true}
Element: [[ChromeDriver: chrome on WINDOWS (46321dc1cd28e2e6ec406a6d668cf362)] -&gt; xpath: //h4/a]
Session ID: 46321dc1cd28e2e6ec406a6d668cf362
	at org.openqa.selenium.remote.codec.w3c.W3CHttpResponseCodec.createException(W3CHttpResponseCodec.java:200)
	at org.openqa.selenium.remote.codec.w3c.W3CHttpResponseCodec.decode(W3CHttpResponseCodec.java:133)
	at org.openqa.selenium.remote.codec.w3c.W3CHttpResponseCodec.decode(W3CHttpResponseCodec.java:53)
	at org.openqa.selenium.remote.HttpCommandExecutor.execute(HttpCommandExecutor.java:184)
	at org.openqa.selenium.remote.service.DriverCommandExecutor.invokeExecute(DriverCommandExecutor.java:167)
	at org.openqa.selenium.remote.service.DriverCommandExecutor.execute(DriverCommandExecutor.java:142)
	at org.openqa.selenium.remote.RemoteWebDriver.execute(RemoteWebDriver.java:541)
	at org.openqa.selenium.remote.RemoteWebElement.execute(RemoteWebElement.java:257)
	at org.openqa.selenium.remote.RemoteWebElement.getText(RemoteWebElement.java:207)
	at com.tutorialsninja.pages.DesktopPage.getProductNamesListByNameZToA(DesktopPage.java:85)
	at com.tutorialsninja.testsuite.DesktopPageTest.verifyProductAddedToShoppingCartSuccessFully(DesktopPageTest.java:38)
	at java.util.ArrayList.forEach(ArrayList.java:1249)
	at com.intellij.rt.testng.IDEARemoteTestNG.run(IDEARemoteTestNG.java:66)
	at com.intellij.rt.testng.RemoteTestNGStarter.main(RemoteTestNGStarter.java:109)
... Removed 28 stack frames</pre></div><a href='#' onClick='toggleBox("stack-trace622772003", this, "Click to show all stack frames", "Click to hide stack frames")'>Click to show all stack frames</a>
<div class='stack-trace' id='stack-trace622772003'><pre>org.openqa.selenium.StaleElementReferenceException: stale element reference: element is not attached to the page document
  (Session info: chrome=108.0.5359.73)
For documentation on this error, please visit: https://selenium.dev/exceptions/#stale_element_reference
Build info: version: &apos;4.6.0&apos;, revision: &apos;79f1c02ae20&apos;
System info: os.name: &apos;Windows 10&apos;, os.arch: &apos;amd64&apos;, os.version: &apos;10.0&apos;, java.version: &apos;1.8.0_121&apos;
Driver info: org.openqa.selenium.chrome.ChromeDriver
Command: [46321dc1cd28e2e6ec406a6d668cf362, getElementText {id=f10afbf0-5518-4d39-a5bc-0e22c47d14e3}]
Capabilities {acceptInsecureCerts: false, browserName: chrome, browserVersion: 108.0.5359.73, chrome: {chromedriverVersion: 108.0.5359.71 (1e0e3868ee06..., userDataDir: C:\Users\humai\AppData\Loca...}, goog:chromeOptions: {debuggerAddress: localhost:62892}, networkConnectionEnabled: false, pageLoadStrategy: normal, platformName: WINDOWS, proxy: Proxy(), se:cdp: ws://localhost:62892/devtoo..., se:cdpVersion: 108.0.5359.73, setWindowRect: true, strictFileInteractability: false, timeouts: {implicit: 0, pageLoad: 300000, script: 30000}, unhandledPromptBehavior: dismiss and notify, webauthn:extension:credBlob: true, webauthn:extension:largeBlob: true, webauthn:virtualAuthenticators: true}
Element: [[ChromeDriver: chrome on WINDOWS (46321dc1cd28e2e6ec406a6d668cf362)] -&gt; xpath: //h4/a]
Session ID: 46321dc1cd28e2e6ec406a6d668cf362
	at sun.reflect.NativeConstructorAccessorImpl.newInstance0(Native Method)
	at sun.reflect.NativeConstructorAccessorImpl.newInstance(NativeConstructorAccessorImpl.java:62)
	at sun.reflect.DelegatingConstructorAccessorImpl.newInstance(DelegatingConstructorAccessorImpl.java:45)
	at java.lang.reflect.Constructor.newInstance(Constructor.java:423)
	at org.openqa.selenium.remote.codec.w3c.W3CHttpResponseCodec.createException(W3CHttpResponseCodec.java:200)
	at org.openqa.selenium.remote.codec.w3c.W3CHttpResponseCodec.decode(W3CHttpResponseCodec.java:133)
	at org.openqa.selenium.remote.codec.w3c.W3CHttpResponseCodec.decode(W3CHttpResponseCodec.java:53)
	at org.openqa.selenium.remote.HttpCommandExecutor.execute(HttpCommandExecutor.java:184)
	at org.openqa.selenium.remote.service.DriverCommandExecutor.invokeExecute(DriverCommandExecutor.java:167)
	at org.openqa.selenium.remote.service.DriverCommandExecutor.execute(DriverCommandExecutor.java:142)
	at org.openqa.selenium.remote.RemoteWebDriver.execute(RemoteWebDriver.java:541)
	at org.openqa.selenium.remote.RemoteWebElement.execute(RemoteWebElement.java:257)
	at org.openqa.selenium.remote.RemoteWebElement.getText(RemoteWebElement.java:207)
	at com.tutorialsninja.pages.DesktopPage.getProductNamesListByNameZToA(DesktopPage.java:85)
	at com.tutorialsninja.testsuite.DesktopPageTest.verifyProductAddedToShoppingCartSuccessFully(DesktopPageTest.java:38)
	at sun.reflect.NativeMethodAccessorImpl.invoke0(Native Method)
	at sun.reflect.NativeMethodAccessorImpl.invoke(NativeMethodAccessorImpl.java:62)
	at sun.reflect.DelegatingMethodAccessorImpl.invoke(DelegatingMethodAccessorImpl.java:43)
	at java.lang.reflect.Method.invoke(Method.java:498)
	at org.testng.internal.invokers.MethodInvocationHelper.invokeMethod(MethodInvocationHelper.java:135)
	at org.testng.internal.invokers.TestInvoker.invokeMethod(TestInvoker.java:673)
	at org.testng.internal.invokers.TestInvoker.invokeTestMethod(TestInvoker.java:220)
	at org.testng.internal.invokers.MethodRunner.runInSequence(MethodRunner.java:50)
	at org.testng.internal.invokers.TestInvoker$MethodInvocationAgent.invoke(TestInvoker.java:945)
	at org.testng.internal.invokers.TestInvoker.invokeTestMethods(TestInvoker.java:193)
	at org.testng.internal.invokers.TestMethodWorker.invokeTestMethods(TestMethodWorker.java:146)
	at org.testng.internal.invokers.TestMethodWorker.run(TestMethodWorker.java:128)
	at java.util.ArrayList.forEach(ArrayList.java:1249)
	at org.testng.TestRunner.privateRun(TestRunner.java:808)
	at org.testng.TestRunner.run(TestRunner.java:603)
	at org.testng.SuiteRunner.runTest(SuiteRunner.java:429)
	at org.testng.SuiteRunner.runSequentially(SuiteRunner.java:423)
	at org.testng.SuiteRunner.privateRun(SuiteRunner.java:383)
	at org.testng.SuiteRunner.run(SuiteRunner.java:326)
	at org.testng.SuiteRunnerWorker.runSuite(SuiteRunnerWorker.java:52)
	at org.testng.SuiteRunnerWorker.run(SuiteRunnerWorker.java:95)
	at org.testng.TestNG.runSuitesSequentially(TestNG.java:1249)
	at org.testng.TestNG.runSuitesLocally(TestNG.java:1169)
	at org.testng.TestNG.runSuites(TestNG.java:1092)
	at org.testng.TestNG.run(TestNG.java:1060)
	at com.intellij.rt.testng.IDEARemoteTestNG.run(IDEARemoteTestNG.java:66)
	at com.intellij.rt.testng.RemoteTestNGStarter.main(RemoteTestNGStarter.java:109)
</pre></div></td>
<td>1</td>
<td>com.tutorialsninja.testsuite.DesktopPageTest@43a0cee9</td></tr>
</table><p>
</body>
</html>