<html>
<head>
<title>TestNG:  Sanity Test</title>
<link href="../testng.css" rel="stylesheet" type="text/css" />
<link href="../my-testng.css" rel="stylesheet" type="text/css" />

<style type="text/css">
.log { display: none;} 
.stack-trace { display: none;} 
</style>
<script type="text/javascript">
<!--
function flip(e) {
  current = e.style.display;
  if (current == 'block') {
    e.style.display = 'none';
    return 0;
  }
  else {
    e.style.display = 'block';
    return 1;
  }
}

function toggleBox(szDivId, elem, msg1, msg2)
{
  var res = -1;  if (document.getElementById) {
    res = flip(document.getElementById(szDivId));
  }
  else if (document.all) {
    // this is the way old msie versions work
    res = flip(document.all[szDivId]);
  }
  if(elem) {
    if(res == 0) elem.innerHTML = msg1; else elem.innerHTML = msg2;
  }

}

function toggleAllBoxes() {
  if (document.getElementsByTagName) {
    d = document.getElementsByTagName('div');
    for (i = 0; i < d.length; i++) {
      if (d[i].className == 'log') {
        flip(d[i]);
      }
    }
  }
}

// -->
</script>

</head>
<body>
<h2 align='center'>Sanity Test</h2><table border='1' align="center">
<tr>
<td>Tests passed/Failed/Skipped:</td><td>3/2/0</td>
</tr><tr>
<td>Started on:</td><td>Tue Dec 13 10:00:10 GMT 2022</td>
</tr>
<tr><td>Total time:</td><td>18 seconds (18060 ms)</td>
</tr><tr>
<td>Included groups:</td><td>sanity </td>
</tr><tr>
<td>Excluded groups:</td><td></td>
</tr>
</table><p/>
<small><i>(Hover the method name to see the test class name)</i></small><p/>
<table width='100%' border='1' class='invocation-failed'>
<tr><td colspan='4' align='center'><b>FAILED TESTS</b></td></tr>
<tr><td><b>Test method</b></td>
<td width="30%"><b>Exception</b></td>
<td width="10%"><b>Time (seconds)</b></td>
<td><b>Instance</b></td>
</tr>
<tr>
<td title='com.tutorialsninja.testsuite.LaptopsAndNotebooksPageTest.verifyProductsPriceDisplayHighToLowSuccessfully()'><b>verifyProductsPriceDisplayHighToLowSuccessfully</b><br>Test class: com.tutorialsninja.testsuite.LaptopsAndNotebooksPageTest<br/>
<a href="#Output-841483227" onClick='toggleBox("Output-841483227", this, "Show output", "Hide output");'>Show output</a>

<a href="#Output-841483227" onClick="toggleAllBoxes();">Show all outputs</a>
<div class='log' id="Output-841483227">
Hover the mouse on Laptops & Notebooks tab and click[[ChromeDriver: chrome on WINDOWS (ad5e6b519b0f084585e50a99230d4b04)] -> link text: Laptops & Notebooks]<br/>
Select show all Laptops & Notebooks from drop down[[[ChromeDriver: chrome on WINDOWS (ad5e6b519b0f084585e50a99230d4b04)] -> link text: Show All Laptops & Notebooks]]<br/>
Get a list of all products listed under Laptops and Notebooks[[[ChromeDriver: chrome on WINDOWS (ad5e6b519b0f084585e50a99230d4b04)] -> xpath: //p[@class ='price']], [[ChromeDriver: chrome on WINDOWS (ad5e6b519b0f084585e50a99230d4b04)] -> xpath: //p[@class ='price']], [[ChromeDriver: chrome on WINDOWS (ad5e6b519b0f084585e50a99230d4b04)] -> xpath: //p[@class ='price']], [[ChromeDriver: chrome on WINDOWS (ad5e6b519b0f084585e50a99230d4b04)] -> xpath: //p[@class ='price']], [[ChromeDriver: chrome on WINDOWS (ad5e6b519b0f084585e50a99230d4b04)] -> xpath: //p[@class ='price']]]<br/>
Get a list of all products listed under Laptops and Notebooks by price[[[ChromeDriver: chrome on WINDOWS (ad5e6b519b0f084585e50a99230d4b04)] -> xpath: //p[@class ='price']], [[ChromeDriver: chrome on WINDOWS (ad5e6b519b0f084585e50a99230d4b04)] -> xpath: //p[@class ='price']], [[ChromeDriver: chrome on WINDOWS (ad5e6b519b0f084585e50a99230d4b04)] -> xpath: //p[@class ='price']], [[ChromeDriver: chrome on WINDOWS (ad5e6b519b0f084585e50a99230d4b04)] -> xpath: //p[@class ='price']], [[ChromeDriver: chrome on WINDOWS (ad5e6b519b0f084585e50a99230d4b04)] -> xpath: //p[@class ='price']]]<br/>
Click to see screenshot<br/>
<a target = "_blank" href=C:\Users\humai\IdeaProjects\tutorialsninja-maven-page-factory-sw5/test-output/html/verifyProductsPriceDisplayHighToLowSuccessfullyTue_Dec_13_10_00_22_GMT_2022.jpg>Screenshot</a><br/>
<br><br/>
<br><br/>
<a target = "_blank" href=C:\Users\humai\IdeaProjects\tutorialsninja-maven-page-factory-sw5/test-output/html/verifyProductsPriceDisplayHighToLowSuccessfullyTue_Dec_13_10_00_22_GMT_2022.jpg><img src=C:\Users\humai\IdeaProjects\tutorialsninja-maven-page-factory-sw5/test-output/html/verifyProductsPriceDisplayHighToLowSuccessfullyTue_Dec_13_10_00_22_GMT_2022.jpg height=200 width=200></img></a><br/>
</div>
</td>
<td><div><pre>org.openqa.selenium.StaleElementReferenceException: stale element reference: element is not attached to the page document
  (Session info: chrome=108.0.5359.99)
For documentation on this error, please visit: https://selenium.dev/exceptions/#stale_element_reference
Build info: version: &apos;4.6.0&apos;, revision: &apos;79f1c02ae20&apos;
System info: os.name: &apos;Windows 10&apos;, os.arch: &apos;amd64&apos;, os.version: &apos;10.0&apos;, java.version: &apos;1.8.0_121&apos;
Driver info: org.openqa.selenium.chrome.ChromeDriver
Command: [ad5e6b519b0f084585e50a99230d4b04, getElementText {id=a6279829-7894-4a52-ab61-4ecd2878558e}]
Capabilities {acceptInsecureCerts: false, browserName: chrome, browserVersion: 108.0.5359.99, chrome: {chromedriverVersion: 108.0.5359.71 (1e0e3868ee06..., userDataDir: C:\Users\humai\AppData\Loca...}, goog:chromeOptions: {debuggerAddress: localhost:52598}, networkConnectionEnabled: false, pageLoadStrategy: normal, platformName: WINDOWS, proxy: Proxy(), se:cdp: ws://localhost:52598/devtoo..., se:cdpVersion: 108.0.5359.99, setWindowRect: true, strictFileInteractability: false, timeouts: {implicit: 0, pageLoad: 300000, script: 30000}, unhandledPromptBehavior: dismiss and notify, webauthn:extension:credBlob: true, webauthn:extension:largeBlob: true, webauthn:virtualAuthenticators: true}
Element: [[ChromeDriver: chrome on WINDOWS (ad5e6b519b0f084585e50a99230d4b04)] -&gt; xpath: //p[@class =&apos;price&apos;]]
Session ID: ad5e6b519b0f084585e50a99230d4b04
	at org.openqa.selenium.remote.codec.w3c.W3CHttpResponseCodec.createException(W3CHttpResponseCodec.java:200)
	at org.openqa.selenium.remote.codec.w3c.W3CHttpResponseCodec.decode(W3CHttpResponseCodec.java:133)
	at org.openqa.selenium.remote.codec.w3c.W3CHttpResponseCodec.decode(W3CHttpResponseCodec.java:53)
	at org.openqa.selenium.remote.HttpCommandExecutor.execute(HttpCommandExecutor.java:184)
	at org.openqa.selenium.remote.service.DriverCommandExecutor.invokeExecute(DriverCommandExecutor.java:167)
	at org.openqa.selenium.remote.service.DriverCommandExecutor.execute(DriverCommandExecutor.java:142)
	at org.openqa.selenium.remote.RemoteWebDriver.execute(RemoteWebDriver.java:541)
	at org.openqa.selenium.remote.RemoteWebElement.execute(RemoteWebElement.java:257)
	at org.openqa.selenium.remote.RemoteWebElement.getText(RemoteWebElement.java:207)
	at com.tutorialsninja.pages.LaptopsAndNotebooksPage.getProductNamesByPrice(LaptopsAndNotebooksPage.java:71)
	at com.tutorialsninja.testsuite.LaptopsAndNotebooksPageTest.verifyProductsPriceDisplayHighToLowSuccessfully(LaptopsAndNotebooksPageTest.java:32)
	at java.util.ArrayList.forEach(ArrayList.java:1249)
	at com.intellij.rt.testng.IDEARemoteTestNG.run(IDEARemoteTestNG.java:66)
	at com.intellij.rt.testng.RemoteTestNGStarter.main(RemoteTestNGStarter.java:109)
... Removed 28 stack frames</pre></div><a href='#' onClick='toggleBox("stack-trace841483227", this, "Click to show all stack frames", "Click to hide stack frames")'>Click to show all stack frames</a>
<div class='stack-trace' id='stack-trace841483227'><pre>org.openqa.selenium.StaleElementReferenceException: stale element reference: element is not attached to the page document
  (Session info: chrome=108.0.5359.99)
For documentation on this error, please visit: https://selenium.dev/exceptions/#stale_element_reference
Build info: version: &apos;4.6.0&apos;, revision: &apos;79f1c02ae20&apos;
System info: os.name: &apos;Windows 10&apos;, os.arch: &apos;amd64&apos;, os.version: &apos;10.0&apos;, java.version: &apos;1.8.0_121&apos;
Driver info: org.openqa.selenium.chrome.ChromeDriver
Command: [ad5e6b519b0f084585e50a99230d4b04, getElementText {id=a6279829-7894-4a52-ab61-4ecd2878558e}]
Capabilities {acceptInsecureCerts: false, browserName: chrome, browserVersion: 108.0.5359.99, chrome: {chromedriverVersion: 108.0.5359.71 (1e0e3868ee06..., userDataDir: C:\Users\humai\AppData\Loca...}, goog:chromeOptions: {debuggerAddress: localhost:52598}, networkConnectionEnabled: false, pageLoadStrategy: normal, platformName: WINDOWS, proxy: Proxy(), se:cdp: ws://localhost:52598/devtoo..., se:cdpVersion: 108.0.5359.99, setWindowRect: true, strictFileInteractability: false, timeouts: {implicit: 0, pageLoad: 300000, script: 30000}, unhandledPromptBehavior: dismiss and notify, webauthn:extension:credBlob: true, webauthn:extension:largeBlob: true, webauthn:virtualAuthenticators: true}
Element: [[ChromeDriver: chrome on WINDOWS (ad5e6b519b0f084585e50a99230d4b04)] -&gt; xpath: //p[@class =&apos;price&apos;]]
Session ID: ad5e6b519b0f084585e50a99230d4b04
	at sun.reflect.NativeConstructorAccessorImpl.newInstance0(Native Method)
	at sun.reflect.NativeConstructorAccessorImpl.newInstance(NativeConstructorAccessorImpl.java:62)
	at sun.reflect.DelegatingConstructorAccessorImpl.newInstance(DelegatingConstructorAccessorImpl.java:45)
	at java.lang.reflect.Constructor.newInstance(Constructor.java:423)
	at org.openqa.selenium.remote.codec.w3c.W3CHttpResponseCodec.createException(W3CHttpResponseCodec.java:200)
	at org.openqa.selenium.remote.codec.w3c.W3CHttpResponseCodec.decode(W3CHttpResponseCodec.java:133)
	at org.openqa.selenium.remote.codec.w3c.W3CHttpResponseCodec.decode(W3CHttpResponseCodec.java:53)
	at org.openqa.selenium.remote.HttpCommandExecutor.execute(HttpCommandExecutor.java:184)
	at org.openqa.selenium.remote.service.DriverCommandExecutor.invokeExecute(DriverCommandExecutor.java:167)
	at org.openqa.selenium.remote.service.DriverCommandExecutor.execute(DriverCommandExecutor.java:142)
	at org.openqa.selenium.remote.RemoteWebDriver.execute(RemoteWebDriver.java:541)
	at org.openqa.selenium.remote.RemoteWebElement.execute(RemoteWebElement.java:257)
	at org.openqa.selenium.remote.RemoteWebElement.getText(RemoteWebElement.java:207)
	at com.tutorialsninja.pages.LaptopsAndNotebooksPage.getProductNamesByPrice(LaptopsAndNotebooksPage.java:71)
	at com.tutorialsninja.testsuite.LaptopsAndNotebooksPageTest.verifyProductsPriceDisplayHighToLowSuccessfully(LaptopsAndNotebooksPageTest.java:32)
	at sun.reflect.NativeMethodAccessorImpl.invoke0(Native Method)
	at sun.reflect.NativeMethodAccessorImpl.invoke(NativeMethodAccessorImpl.java:62)
	at sun.reflect.DelegatingMethodAccessorImpl.invoke(DelegatingMethodAccessorImpl.java:43)
	at java.lang.reflect.Method.invoke(Method.java:498)
	at org.testng.internal.invokers.MethodInvocationHelper.invokeMethod(MethodInvocationHelper.java:135)
	at org.testng.internal.invokers.TestInvoker.invokeMethod(TestInvoker.java:673)
	at org.testng.internal.invokers.TestInvoker.invokeTestMethod(TestInvoker.java:220)
	at org.testng.internal.invokers.MethodRunner.runInSequence(MethodRunner.java:50)
	at org.testng.internal.invokers.TestInvoker$MethodInvocationAgent.invoke(TestInvoker.java:945)
	at org.testng.internal.invokers.TestInvoker.invokeTestMethods(TestInvoker.java:193)
	at org.testng.internal.invokers.TestMethodWorker.invokeTestMethods(TestMethodWorker.java:146)
	at org.testng.internal.invokers.TestMethodWorker.run(TestMethodWorker.java:128)
	at java.util.ArrayList.forEach(ArrayList.java:1249)
	at org.testng.TestRunner.privateRun(TestRunner.java:808)
	at org.testng.TestRunner.run(TestRunner.java:603)
	at org.testng.SuiteRunner.runTest(SuiteRunner.java:429)
	at org.testng.SuiteRunner.runSequentially(SuiteRunner.java:423)
	at org.testng.SuiteRunner.privateRun(SuiteRunner.java:383)
	at org.testng.SuiteRunner.run(SuiteRunner.java:326)
	at org.testng.SuiteRunnerWorker.runSuite(SuiteRunnerWorker.java:52)
	at org.testng.SuiteRunnerWorker.run(SuiteRunnerWorker.java:95)
	at org.testng.TestNG.runSuitesSequentially(TestNG.java:1249)
	at org.testng.TestNG.runSuitesLocally(TestNG.java:1169)
	at org.testng.TestNG.runSuites(TestNG.java:1092)
	at org.testng.TestNG.run(TestNG.java:1060)
	at com.intellij.rt.testng.IDEARemoteTestNG.run(IDEARemoteTestNG.java:66)
	at com.intellij.rt.testng.RemoteTestNGStarter.main(RemoteTestNGStarter.java:109)
</pre></div></td>
<td>1</td>
<td>com.tutorialsninja.testsuite.LaptopsAndNotebooksPageTest@2f8f5f62</td></tr>
<tr>
<td title='com.tutorialsninja.testsuite.DesktopPageTest.verifyProductArrangeInAlphabeticalOrder()'><b>verifyProductArrangeInAlphabeticalOrder</b><br>Test class: com.tutorialsninja.testsuite.DesktopPageTest<br/>
<a href="#Output-1649498695" onClick='toggleBox("Output-1649498695", this, "Show output", "Hide output");'>Show output</a>

<a href="#Output-1649498695" onClick="toggleAllBoxes();">Show all outputs</a>
<div class='log' id="Output-1649498695">
Hover the mouse on Desktops tab and click[[ChromeDriver: chrome on WINDOWS (8829220d2283728b72d376dd2720766c)] -> link text: Desktops]<br/>
Select show all desktops from drop down[[[ChromeDriver: chrome on WINDOWS (8829220d2283728b72d376dd2720766c)] -> link text: Show All Desktops]]<br/>
Get a list of all products listed under desktops[[[ChromeDriver: chrome on WINDOWS (8829220d2283728b72d376dd2720766c)] -> xpath: //h4/a], [[ChromeDriver: chrome on WINDOWS (8829220d2283728b72d376dd2720766c)] -> xpath: //h4/a], [[ChromeDriver: chrome on WINDOWS (8829220d2283728b72d376dd2720766c)] -> xpath: //h4/a], [[ChromeDriver: chrome on WINDOWS (8829220d2283728b72d376dd2720766c)] -> xpath: //h4/a], [[ChromeDriver: chrome on WINDOWS (8829220d2283728b72d376dd2720766c)] -> xpath: //h4/a], [[ChromeDriver: chrome on WINDOWS (8829220d2283728b72d376dd2720766c)] -> xpath: //h4/a], [[ChromeDriver: chrome on WINDOWS (8829220d2283728b72d376dd2720766c)] -> xpath: //h4/a], [[ChromeDriver: chrome on WINDOWS (8829220d2283728b72d376dd2720766c)] -> xpath: //h4/a], [[ChromeDriver: chrome on WINDOWS (8829220d2283728b72d376dd2720766c)] -> xpath: //h4/a], [[ChromeDriver: chrome on WINDOWS (8829220d2283728b72d376dd2720766c)] -> xpath: //h4/a], [[ChromeDriver: chrome on WINDOWS (8829220d2283728b72d376dd2720766c)] -> xpath: //h4/a], [[ChromeDriver: chrome on WINDOWS (8829220d2283728b72d376dd2720766c)] -> xpath: //h4/a]]<br/>
Get a list of all products listed under desktops[[[ChromeDriver: chrome on WINDOWS (8829220d2283728b72d376dd2720766c)] -> xpath: //h4/a], [[ChromeDriver: chrome on WINDOWS (8829220d2283728b72d376dd2720766c)] -> xpath: //h4/a], [[ChromeDriver: chrome on WINDOWS (8829220d2283728b72d376dd2720766c)] -> xpath: //h4/a], [[ChromeDriver: chrome on WINDOWS (8829220d2283728b72d376dd2720766c)] -> xpath: //h4/a], [[ChromeDriver: chrome on WINDOWS (8829220d2283728b72d376dd2720766c)] -> xpath: //h4/a], [[ChromeDriver: chrome on WINDOWS (8829220d2283728b72d376dd2720766c)] -> xpath: //h4/a], [[ChromeDriver: chrome on WINDOWS (8829220d2283728b72d376dd2720766c)] -> xpath: //h4/a], [[ChromeDriver: chrome on WINDOWS (8829220d2283728b72d376dd2720766c)] -> xpath: //h4/a], [[ChromeDriver: chrome on WINDOWS (8829220d2283728b72d376dd2720766c)] -> xpath: //h4/a], [[ChromeDriver: chrome on WINDOWS (8829220d2283728b72d376dd2720766c)] -> xpath: //h4/a], [[ChromeDriver: chrome on WINDOWS (8829220d2283728b72d376dd2720766c)] -> xpath: //h4/a], [[ChromeDriver: chrome on WINDOWS (8829220d2283728b72d376dd2720766c)] -> xpath: //h4/a]]<br/>
Get a list of all products listed under desktops by Name Z to A[[[ChromeDriver: chrome on WINDOWS (8829220d2283728b72d376dd2720766c)] -> xpath: //h4/a], [[ChromeDriver: chrome on WINDOWS (8829220d2283728b72d376dd2720766c)] -> xpath: //h4/a], [[ChromeDriver: chrome on WINDOWS (8829220d2283728b72d376dd2720766c)] -> xpath: //h4/a], [[ChromeDriver: chrome on WINDOWS (8829220d2283728b72d376dd2720766c)] -> xpath: //h4/a], [[ChromeDriver: chrome on WINDOWS (8829220d2283728b72d376dd2720766c)] -> xpath: //h4/a], [[ChromeDriver: chrome on WINDOWS (8829220d2283728b72d376dd2720766c)] -> xpath: //h4/a], [[ChromeDriver: chrome on WINDOWS (8829220d2283728b72d376dd2720766c)] -> xpath: //h4/a], [[ChromeDriver: chrome on WINDOWS (8829220d2283728b72d376dd2720766c)] -> xpath: //h4/a], [[ChromeDriver: chrome on WINDOWS (8829220d2283728b72d376dd2720766c)] -> xpath: //h4/a], [[ChromeDriver: chrome on WINDOWS (8829220d2283728b72d376dd2720766c)] -> xpath: //h4/a], [[ChromeDriver: chrome on WINDOWS (8829220d2283728b72d376dd2720766c)] -> xpath: //h4/a], [[ChromeDriver: chrome on WINDOWS (8829220d2283728b72d376dd2720766c)] -> xpath: //h4/a]]<br/>
Click to see screenshot<br/>
<a target = "_blank" href=C:\Users\humai\IdeaProjects\tutorialsninja-maven-page-factory-sw5/test-output/html/verifyProductArrangeInAlphabeticalOrderTue_Dec_13_10_00_18_GMT_2022.jpg>Screenshot</a><br/>
<br><br/>
<br><br/>
<a target = "_blank" href=C:\Users\humai\IdeaProjects\tutorialsninja-maven-page-factory-sw5/test-output/html/verifyProductArrangeInAlphabeticalOrderTue_Dec_13_10_00_18_GMT_2022.jpg><img src=C:\Users\humai\IdeaProjects\tutorialsninja-maven-page-factory-sw5/test-output/html/verifyProductArrangeInAlphabeticalOrderTue_Dec_13_10_00_18_GMT_2022.jpg height=200 width=200></img></a><br/>
</div>
</td>
<td><div><pre>org.openqa.selenium.StaleElementReferenceException: stale element reference: element is not attached to the page document
  (Session info: chrome=108.0.5359.99)
For documentation on this error, please visit: https://selenium.dev/exceptions/#stale_element_reference
Build info: version: &apos;4.6.0&apos;, revision: &apos;79f1c02ae20&apos;
System info: os.name: &apos;Windows 10&apos;, os.arch: &apos;amd64&apos;, os.version: &apos;10.0&apos;, java.version: &apos;1.8.0_121&apos;
Driver info: org.openqa.selenium.chrome.ChromeDriver
Command: [8829220d2283728b72d376dd2720766c, getElementText {id=1c576510-fbef-4a4a-8e35-bb032fbaf823}]
Capabilities {acceptInsecureCerts: false, browserName: chrome, browserVersion: 108.0.5359.99, chrome: {chromedriverVersion: 108.0.5359.71 (1e0e3868ee06..., userDataDir: C:\Users\humai\AppData\Loca...}, goog:chromeOptions: {debuggerAddress: localhost:52571}, networkConnectionEnabled: false, pageLoadStrategy: normal, platformName: WINDOWS, proxy: Proxy(), se:cdp: ws://localhost:52571/devtoo..., se:cdpVersion: 108.0.5359.99, setWindowRect: true, strictFileInteractability: false, timeouts: {implicit: 0, pageLoad: 300000, script: 30000}, unhandledPromptBehavior: dismiss and notify, webauthn:extension:credBlob: true, webauthn:extension:largeBlob: true, webauthn:virtualAuthenticators: true}
Element: [[ChromeDriver: chrome on WINDOWS (8829220d2283728b72d376dd2720766c)] -&gt; xpath: //h4/a]
Session ID: 8829220d2283728b72d376dd2720766c
	at org.openqa.selenium.remote.codec.w3c.W3CHttpResponseCodec.createException(W3CHttpResponseCodec.java:200)
	at org.openqa.selenium.remote.codec.w3c.W3CHttpResponseCodec.decode(W3CHttpResponseCodec.java:133)
	at org.openqa.selenium.remote.codec.w3c.W3CHttpResponseCodec.decode(W3CHttpResponseCodec.java:53)
	at org.openqa.selenium.remote.HttpCommandExecutor.execute(HttpCommandExecutor.java:184)
	at org.openqa.selenium.remote.service.DriverCommandExecutor.invokeExecute(DriverCommandExecutor.java:167)
	at org.openqa.selenium.remote.service.DriverCommandExecutor.execute(DriverCommandExecutor.java:142)
	at org.openqa.selenium.remote.RemoteWebDriver.execute(RemoteWebDriver.java:541)
	at org.openqa.selenium.remote.RemoteWebElement.execute(RemoteWebElement.java:257)
	at org.openqa.selenium.remote.RemoteWebElement.getText(RemoteWebElement.java:207)
	at com.tutorialsninja.pages.DesktopPage.getProductNamesListByNameZToA(DesktopPage.java:87)
	at com.tutorialsninja.testsuite.DesktopPageTest.verifyProductArrangeInAlphabeticalOrder(DesktopPageTest.java:30)
	at java.util.ArrayList.forEach(ArrayList.java:1249)
	at com.intellij.rt.testng.IDEARemoteTestNG.run(IDEARemoteTestNG.java:66)
	at com.intellij.rt.testng.RemoteTestNGStarter.main(RemoteTestNGStarter.java:109)
... Removed 28 stack frames</pre></div><a href='#' onClick='toggleBox("stack-trace1649498695", this, "Click to show all stack frames", "Click to hide stack frames")'>Click to show all stack frames</a>
<div class='stack-trace' id='stack-trace1649498695'><pre>org.openqa.selenium.StaleElementReferenceException: stale element reference: element is not attached to the page document
  (Session info: chrome=108.0.5359.99)
For documentation on this error, please visit: https://selenium.dev/exceptions/#stale_element_reference
Build info: version: &apos;4.6.0&apos;, revision: &apos;79f1c02ae20&apos;
System info: os.name: &apos;Windows 10&apos;, os.arch: &apos;amd64&apos;, os.version: &apos;10.0&apos;, java.version: &apos;1.8.0_121&apos;
Driver info: org.openqa.selenium.chrome.ChromeDriver
Command: [8829220d2283728b72d376dd2720766c, getElementText {id=1c576510-fbef-4a4a-8e35-bb032fbaf823}]
Capabilities {acceptInsecureCerts: false, browserName: chrome, browserVersion: 108.0.5359.99, chrome: {chromedriverVersion: 108.0.5359.71 (1e0e3868ee06..., userDataDir: C:\Users\humai\AppData\Loca...}, goog:chromeOptions: {debuggerAddress: localhost:52571}, networkConnectionEnabled: false, pageLoadStrategy: normal, platformName: WINDOWS, proxy: Proxy(), se:cdp: ws://localhost:52571/devtoo..., se:cdpVersion: 108.0.5359.99, setWindowRect: true, strictFileInteractability: false, timeouts: {implicit: 0, pageLoad: 300000, script: 30000}, unhandledPromptBehavior: dismiss and notify, webauthn:extension:credBlob: true, webauthn:extension:largeBlob: true, webauthn:virtualAuthenticators: true}
Element: [[ChromeDriver: chrome on WINDOWS (8829220d2283728b72d376dd2720766c)] -&gt; xpath: //h4/a]
Session ID: 8829220d2283728b72d376dd2720766c
	at sun.reflect.NativeConstructorAccessorImpl.newInstance0(Native Method)
	at sun.reflect.NativeConstructorAccessorImpl.newInstance(NativeConstructorAccessorImpl.java:62)
	at sun.reflect.DelegatingConstructorAccessorImpl.newInstance(DelegatingConstructorAccessorImpl.java:45)
	at java.lang.reflect.Constructor.newInstance(Constructor.java:423)
	at org.openqa.selenium.remote.codec.w3c.W3CHttpResponseCodec.createException(W3CHttpResponseCodec.java:200)
	at org.openqa.selenium.remote.codec.w3c.W3CHttpResponseCodec.decode(W3CHttpResponseCodec.java:133)
	at org.openqa.selenium.remote.codec.w3c.W3CHttpResponseCodec.decode(W3CHttpResponseCodec.java:53)
	at org.openqa.selenium.remote.HttpCommandExecutor.execute(HttpCommandExecutor.java:184)
	at org.openqa.selenium.remote.service.DriverCommandExecutor.invokeExecute(DriverCommandExecutor.java:167)
	at org.openqa.selenium.remote.service.DriverCommandExecutor.execute(DriverCommandExecutor.java:142)
	at org.openqa.selenium.remote.RemoteWebDriver.execute(RemoteWebDriver.java:541)
	at org.openqa.selenium.remote.RemoteWebElement.execute(RemoteWebElement.java:257)
	at org.openqa.selenium.remote.RemoteWebElement.getText(RemoteWebElement.java:207)
	at com.tutorialsninja.pages.DesktopPage.getProductNamesListByNameZToA(DesktopPage.java:87)
	at com.tutorialsninja.testsuite.DesktopPageTest.verifyProductArrangeInAlphabeticalOrder(DesktopPageTest.java:30)
	at sun.reflect.NativeMethodAccessorImpl.invoke0(Native Method)
	at sun.reflect.NativeMethodAccessorImpl.invoke(NativeMethodAccessorImpl.java:62)
	at sun.reflect.DelegatingMethodAccessorImpl.invoke(DelegatingMethodAccessorImpl.java:43)
	at java.lang.reflect.Method.invoke(Method.java:498)
	at org.testng.internal.invokers.MethodInvocationHelper.invokeMethod(MethodInvocationHelper.java:135)
	at org.testng.internal.invokers.TestInvoker.invokeMethod(TestInvoker.java:673)
	at org.testng.internal.invokers.TestInvoker.invokeTestMethod(TestInvoker.java:220)
	at org.testng.internal.invokers.MethodRunner.runInSequence(MethodRunner.java:50)
	at org.testng.internal.invokers.TestInvoker$MethodInvocationAgent.invoke(TestInvoker.java:945)
	at org.testng.internal.invokers.TestInvoker.invokeTestMethods(TestInvoker.java:193)
	at org.testng.internal.invokers.TestMethodWorker.invokeTestMethods(TestMethodWorker.java:146)
	at org.testng.internal.invokers.TestMethodWorker.run(TestMethodWorker.java:128)
	at java.util.ArrayList.forEach(ArrayList.java:1249)
	at org.testng.TestRunner.privateRun(TestRunner.java:808)
	at org.testng.TestRunner.run(TestRunner.java:603)
	at org.testng.SuiteRunner.runTest(SuiteRunner.java:429)
	at org.testng.SuiteRunner.runSequentially(SuiteRunner.java:423)
	at org.testng.SuiteRunner.privateRun(SuiteRunner.java:383)
	at org.testng.SuiteRunner.run(SuiteRunner.java:326)
	at org.testng.SuiteRunnerWorker.runSuite(SuiteRunnerWorker.java:52)
	at org.testng.SuiteRunnerWorker.run(SuiteRunnerWorker.java:95)
	at org.testng.TestNG.runSuitesSequentially(TestNG.java:1249)
	at org.testng.TestNG.runSuitesLocally(TestNG.java:1169)
	at org.testng.TestNG.runSuites(TestNG.java:1092)
	at org.testng.TestNG.run(TestNG.java:1060)
	at com.intellij.rt.testng.IDEARemoteTestNG.run(IDEARemoteTestNG.java:66)
	at com.intellij.rt.testng.RemoteTestNGStarter.main(RemoteTestNGStarter.java:109)
</pre></div></td>
<td>1</td>
<td>com.tutorialsninja.testsuite.DesktopPageTest@7ba18f1b</td></tr>
</table><p>
<table width='100%' border='1' class='invocation-passed'>
<tr><td colspan='4' align='center'><b>PASSED TESTS</b></td></tr>
<tr><td><b>Test method</b></td>
<td width="30%"><b>Exception</b></td>
<td width="10%"><b>Time (seconds)</b></td>
<td><b>Instance</b></td>
</tr>
<tr>
<td title='com.tutorialsninja.testsuite.AccountLoginPageTest.verifyUserShouldNavigateToLoginPageSuccessfully()'><b>verifyUserShouldNavigateToLoginPageSuccessfully</b><br>Test class: com.tutorialsninja.testsuite.AccountLoginPageTest<br/>
<a href="#Output-1907467420" onClick='toggleBox("Output-1907467420", this, "Show output", "Hide output");'>Show output</a>

<a href="#Output-1907467420" onClick="toggleAllBoxes();">Show all outputs</a>
<div class='log' id="Output-1907467420">
Click on My Account link[[ChromeDriver: chrome on WINDOWS (61f6e9725ec592c5a596a92be8915fec)] -> xpath: //span[contains(text(),'My Account')]]<br/>
Verify the Login Page name[[ChromeDriver: chrome on WINDOWS (61f6e9725ec592c5a596a92be8915fec)] -> xpath: //h2[contains(text(),'Returning Customer')]]<br/>
</div>
</td>
<td></td>
<td>0</td>
<td>com.tutorialsninja.testsuite.AccountLoginPageTest@4d1b0d2a</td></tr>
<tr>
<td title='com.tutorialsninja.testsuite.RegisterPageTest.verifyUserShouldNavigateToRegisterPageSuccessfully()'><b>verifyUserShouldNavigateToRegisterPageSuccessfully</b><br>Test class: com.tutorialsninja.testsuite.RegisterPageTest<br/>
<a href="#Output-679442449" onClick='toggleBox("Output-679442449", this, "Show output", "Hide output");'>Show output</a>

<a href="#Output-679442449" onClick="toggleAllBoxes();">Show all outputs</a>
<div class='log' id="Output-679442449">
Click on My Account link[[ChromeDriver: chrome on WINDOWS (3e1520acc34e47f8632d2116cb8a2d89)] -> xpath: //span[contains(text(),'My Account')]]<br/>
Verify the Register Page name[[ChromeDriver: chrome on WINDOWS (3e1520acc34e47f8632d2116cb8a2d89)] -> xpath: //h1[contains(text(),'Register Account')]]<br/>
</div>
</td>
<td></td>
<td>0</td>
<td>com.tutorialsninja.testsuite.RegisterPageTest@1068e947</td></tr>
<tr>
<td title='com.tutorialsninja.testsuite.TopMenuTest.verifyUserShouldNavigateToDesktopsPageSuccessfully()'><b>verifyUserShouldNavigateToDesktopsPageSuccessfully</b><br>Test class: com.tutorialsninja.testsuite.TopMenuTest<br/>
<a href="#Output-300104620" onClick='toggleBox("Output-300104620", this, "Show output", "Hide output");'>Show output</a>

<a href="#Output-300104620" onClick="toggleAllBoxes();">Show all outputs</a>
<div class='log' id="Output-300104620">
Hover the mouse on Desktops tab and click[[ChromeDriver: chrome on WINDOWS (df6eba66e4b825c1995b7367a37c042a)] -> link text: Desktops]<br/>
Select show all desktops from drop down[[[ChromeDriver: chrome on WINDOWS (df6eba66e4b825c1995b7367a37c042a)] -> link text: Show All Desktops]]<br/>
Verify the Desktop page name[[ChromeDriver: chrome on WINDOWS (df6eba66e4b825c1995b7367a37c042a)] -> xpath: //h2[contains(text(),'Desktops')]]<br/>
</div>
</td>
<td></td>
<td>0</td>
<td>com.tutorialsninja.testsuite.TopMenuTest@aecb35a</td></tr>
</table><p>
</body>
</html>